#
# A fatal error has been detected by the Java Runtime Environment:
#
#  EXCEPTION_ACCESS_VIOLATION (0xc0000005) at pc=0x00007ffbb00bd17e, pid=10516, tid=0x000000000000589c
#
# JRE version: OpenJDK Runtime Environment (8.0_202-b03) (build 1.8.0_202-release-1483-b03)
# Java VM: OpenJDK 64-Bit Server VM (25.202-b03 mixed mode windows-amd64 compressed oops)
# Problematic frame:
# C  [ntdll.dll+0x3d17e]
#
# Failed to write core dump. Minidumps are not enabled by default on client versions of Windows
#
# If you would like to submit a bug report, please visit:
#   http://bugreport.java.com/bugreport/crash.jsp
# The crash happened outside the Java Virtual Machine in native code.
# See problematic frame for where to report the bug.
#

---------------  T H R E A D  ---------------

Current thread (0x000000001b1f4800):  JavaThread "LWJGL Application" [_thread_in_native, id=22684, stack(0x000000001c0b0000,0x000000001c1b0000)]

siginfo: ExceptionCode=0xc0000005, reading address 0xffffffffffffffff

Registers:
RAX=0x00000000003a0048, RBX=0x00000000015b0000, RCX=0x0000000000004872, RDX=0x0000000000000048
RSP=0x000000001c1ae960, RBP=0x000000001c1aebe9, RSI=0x000000001b8638b0, RDI=0x000000003a004872
R8 =0x000000001b8638a0, R9 =0x0000000000013890, R10=0x00007ffbb01a1170, R11=0x00000000539f4980
R12=0x3f0f0000feffffff, R13=0x0000000000001389, R14=0x4425000042200000, R15=0x000000001b8638a0
RIP=0x00007ffbb00bd17e, EFLAGS=0x0000000000010212

Top of Stack: (sp=0x000000001c1ae960)
0x000000001c1ae960:   0000000017cb1878 000000001b1f4800
0x000000001c1ae970:   000000001c1aea30 000000005388926c
0x000000001c1ae980:   000000001c1af000 000000001c1aea30
0x000000001c1ae990:   0000000117d6a801 0000000000000000
0x000000001c1ae9a0:   00000000ffffffff 0000000000000000
0x000000001c1ae9b0:   0000000000000001 0000000000001389
0x000000001c1ae9c0:   0000000017cb1878 000000001b1f4800
0x000000001c1ae9d0:   000000001b535eb0 00000000015b0150
0x000000001c1ae9e0:   000000001b8638a0 000000005388bba4
0x000000001c1ae9f0:   000000001c1aea30 000000001c1aeaa0
0x000000001c1aea00:   0000000000000000 00000000000003ff
0x000000001c1aea10:   000000001b0bac90 000000001b0bac90
0x000000001c1aea20:   000000001b0bac98 000000001b1f4800
0x000000001c1aea30:   000000001b1f4800 0000000053888df0
0x000000001c1aea40:   0000000017a726f0 000000001b1f4800
0x000000001c1aea50:   00000001000b2170 0000000080000001 

Instructions: (pc=0x00007ffbb00bd17e)
0x00007ffbb00bd15e:   0f b7 4f 08 0f b7 d1 66 c1 ea 08 4c 8b 6c 24 58
0x00007ffbb00bd16e:   49 3b cd 0f 82 9f 13 00 00 4c 8b 36 4d 8b 67 18
0x00007ffbb00bd17e:   49 8b 04 24 4d 8b 4e 08 49 3b c1 0f 85 64 13 00
0x00007ffbb00bd18e:   00 48 3b c6 0f 85 5b 13 00 00 48 29 8b c0 00 00 


Register to memory mapping:

RAX=0x00000000003a0048 is an unknown value
RBX=0x00000000015b0000 is an unknown value
RCX=0x0000000000004872 is an unknown value
RDX=0x0000000000000048 is an unknown value
RSP=0x000000001c1ae960 is pointing into the stack for thread: 0x000000001b1f4800
RBP=0x000000001c1aebe9 is pointing into the stack for thread: 0x000000001b1f4800
RSI=0x000000001b8638b0 is an unknown value
RDI=0x000000003a004872 is an unknown value
R8 =0x000000001b8638a0 is an unknown value
R9 =0x0000000000013890 is an unknown value
R10=0x00007ffbb01a1170 is an unknown value
R11=0x00000000539f4980 is an unknown value
R12=0x3f0f0000feffffff is an unknown value
R13=0x0000000000001389 is an unknown value
R14=0x4425000042200000 is an unknown value
R15=0x000000001b8638a0 is an unknown value


Stack: [0x000000001c0b0000,0x000000001c1b0000],  sp=0x000000001c1ae960,  free space=1018k
Native frames: (J=compiled Java code, j=interpreted, Vv=VM code, C=native code)
C  [ntdll.dll+0x3d17e]
C  [ntdll.dll+0x3babb]
C  [msvcrt.dll+0x19da0]
C  [gdx64.dll+0x3984]
C  0x0000000003141b30

Java frames: (J=compiled Java code, j=interpreted, Vv=VM code)
j  com.badlogic.gdx.utils.BufferUtils.newDisposableByteBuffer(I)Ljava/nio/ByteBuffer;+0
j  com.badlogic.gdx.utils.BufferUtils.newUnsafeByteBuffer(I)Ljava/nio/ByteBuffer;+1
j  com.badlogic.gdx.graphics.glutils.VertexArray.<init>(ILcom/badlogic/gdx/graphics/VertexAttributes;)V+24
j  com.badlogic.gdx.graphics.Mesh.<init>(Lcom/badlogic/gdx/graphics/Mesh$VertexDataType;ZIILcom/badlogic/gdx/graphics/VertexAttributes;)V+179
j  com.badlogic.gdx.graphics.Mesh.<init>(Lcom/badlogic/gdx/graphics/Mesh$VertexDataType;ZII[Lcom/badlogic/gdx/graphics/VertexAttribute;)V+15
j  com.badlogic.gdx.graphics.g2d.SpriteBatch.<init>(ILcom/badlogic/gdx/graphics/glutils/ShaderProgram;)V+248
j  com.badlogic.gdx.graphics.g2d.SpriteBatch.<init>()V+5
j  com.philosfight.game.Menu.MenuRenderer.init()V+5
j  com.philosfight.game.Menu.MenuRenderer.<init>()V+11
j  com.philosfight.game.ScreenClasses.MenuScreen.show()V+5
j  com.badlogic.gdx.Game.setScreen(Lcom/badlogic/gdx/Screen;)V+32
j  com.philosfight.game.gameStuff.WorldController.backToMenu()V+15
j  com.philosfight.game.gameStuff.WorldController.keyUp(I)Z+7
J 1187 C1 com.badlogic.gdx.backends.lwjgl.LwjglInput.processEvents()V (478 bytes) @ 0x00000000036169e4 [0x0000000003616400+0x5e4]
j  com.badlogic.gdx.backends.lwjgl.LwjglApplication.mainLoop()V+600
j  com.badlogic.gdx.backends.lwjgl.LwjglApplication$1.run()V+27
v  ~StubRoutines::call_stub

---------------  P R O C E S S  ---------------

Java Threads: ( => current thread )
  0x000000001b268000 JavaThread "LWJGL Timer" daemon [_thread_blocked, id=12300, stack(0x000000001cf50000,0x000000001d050000)]
  0x000000001b457000 JavaThread "AsynchExecutor-Thread" daemon [_thread_blocked, id=16860, stack(0x0000000026120000,0x0000000026220000)]
  0x000000001b2a3800 JavaThread "AsynchExecutor-Thread" daemon [_thread_blocked, id=20608, stack(0x0000000025aa0000,0x0000000025ba0000)]
  0x0000000003026000 JavaThread "DestroyJavaVM" [_thread_blocked, id=5516, stack(0x0000000002d60000,0x0000000002e60000)]
=>0x000000001b1f4800 JavaThread "LWJGL Application" [_thread_in_native, id=22684, stack(0x000000001c0b0000,0x000000001c1b0000)]
  0x000000001a0a5800 JavaThread "Service Thread" daemon [_thread_blocked, id=18404, stack(0x000000001ae30000,0x000000001af30000)]
  0x000000001a004000 JavaThread "C1 CompilerThread3" daemon [_thread_blocked, id=24016, stack(0x000000001ad30000,0x000000001ae30000)]
  0x0000000019fc5800 JavaThread "C2 CompilerThread2" daemon [_thread_blocked, id=10772, stack(0x000000001ac30000,0x000000001ad30000)]
  0x0000000019fc9800 JavaThread "C2 CompilerThread1" daemon [_thread_blocked, id=11900, stack(0x000000001ab30000,0x000000001ac30000)]
  0x0000000019fc8800 JavaThread "C2 CompilerThread0" daemon [_thread_blocked, id=5436, stack(0x000000001aa30000,0x000000001ab30000)]
  0x0000000019e5d000 JavaThread "JDWP Command Reader" daemon [_thread_in_native, id=19732, stack(0x000000001a930000,0x000000001aa30000)]
  0x0000000019e5a000 JavaThread "JDWP Event Helper Thread" daemon [_thread_blocked, id=17064, stack(0x000000001a830000,0x000000001a930000)]
  0x000000001803c000 JavaThread "JDWP Transport Listener: dt_socket" daemon [_thread_blocked, id=20132, stack(0x000000001a730000,0x000000001a830000)]
  0x0000000019e49800 JavaThread "Attach Listener" daemon [_thread_blocked, id=5628, stack(0x000000001a630000,0x000000001a730000)]
  0x0000000019e48000 JavaThread "Signal Dispatcher" daemon [_thread_blocked, id=24000, stack(0x000000001a530000,0x000000001a630000)]
  0x0000000019e30800 JavaThread "Finalizer" daemon [_thread_blocked, id=14164, stack(0x000000001a310000,0x000000001a410000)]
  0x000000001802c000 JavaThread "Reference Handler" daemon [_thread_blocked, id=10448, stack(0x000000001a210000,0x000000001a310000)]

Other Threads:
  0x0000000018026800 VMThread [stack: 0x0000000019d10000,0x0000000019e10000] [id=14108]
  0x000000001a0a8800 WatcherThread [stack: 0x000000001af30000,0x000000001b030000] [id=4780]

VM state:not at safepoint (normal execution)

VM Mutex/Monitor currently owned by a thread: None

heap address: 0x0000000082400000, size: 2012 MB, Compressed Oops mode: 32-bit
Narrow klass base: 0x0000000000000000, Narrow klass shift: 3
Compressed class space size: 1073741824 Address: 0x0000000100000000

Heap:
 PSYoungGen      total 34304K, used 11905K [0x00000000d6180000, 0x00000000d8780000, 0x0000000100000000)
  eden space 30720K, 37% used [0x00000000d6180000,0x00000000d6cd86a8,0x00000000d7f80000)
  from space 3584K, 8% used [0x00000000d8400000,0x00000000d8448000,0x00000000d8780000)
  to   space 4096K, 0% used [0x00000000d7f80000,0x00000000d7f80000,0x00000000d8380000)
 ParOldGen       total 86016K, used 1585K [0x0000000082400000, 0x0000000087800000, 0x00000000d6180000)
  object space 86016K, 1% used [0x0000000082400000,0x000000008258c450,0x0000000087800000)
 Metaspace       used 8268K, capacity 8363K, committed 8448K, reserved 1056768K
  class space    used 717K, capacity 754K, committed 768K, reserved 1048576K

Card table byte_map: [0x00000000124e0000,0x00000000128d0000] byte_map_base: 0x00000000120ce000

Marking Bits: (ParMarkBitMap*) 0x0000000053fb9f30
 Begin Bits: [0x0000000013370000, 0x00000000152e0000)
 End Bits:   [0x00000000152e0000, 0x0000000017250000)

Polling page: 0x0000000001490000

CodeCache: size=245760Kb used=5507Kb max_used=5515Kb free=240252Kb
 bounds [0x0000000003120000, 0x0000000003690000, 0x0000000012120000]
 total_blobs=1742 nmethods=1281 adapters=383
 compilation: enabled

Compilation events (10 events):
Event: 23.656 Thread 0x0000000019fc5800 1284       4       com.badlogic.gdx.graphics.g2d.SpriteBatch::draw (165 bytes)
Event: 23.660 Thread 0x0000000019fc5800 nmethod 1284 0x000000000366f210 code [0x000000000366f3a0, 0x000000000366f8a8]
Event: 25.639 Thread 0x000000001a004000 1285       1       org.lwjgl.opengl.WindowsDisplayPeerInfo::doLockAndInitHandle (1 bytes)
Event: 25.639 Thread 0x000000001a004000 nmethod 1285 0x000000000366ef50 code [0x000000000366f0a0, 0x000000000366f1b0]
Event: 25.652 Thread 0x000000001a004000 1286       1       org.lwjgl.opengl.WindowsDisplayPeerInfo::doUnlock (1 bytes)
Event: 25.652 Thread 0x000000001a004000 nmethod 1286 0x0000000003225f90 code [0x00000000032260e0, 0x00000000032261f0]
Event: 25.706 Thread 0x000000001a004000 1287       3       com.badlogic.gdx.backends.lwjgl.LwjglGL20::glClearColor (9 bytes)
Event: 25.706 Thread 0x000000001a004000 nmethod 1287 0x00000000036777d0 code [0x00000000036779c0, 0x00000000036781d8]
Event: 25.707 Thread 0x000000001a004000 1288       3       com.badlogic.gdx.backends.lwjgl.LwjglGL20::glClear (5 bytes)
Event: 25.708 Thread 0x000000001a004000 nmethod 1288 0x0000000003230250 code [0x0000000003230440, 0x0000000003230c18]

GC Heap History (10 events):
Event: 6.688 GC heap before
{Heap before GC invocations=4 (full 0):
 PSYoungGen      total 37888K, used 34350K [0x00000000d6180000, 0x00000000d8b80000, 0x0000000100000000)
  eden space 32768K, 100% used [0x00000000d6180000,0x00000000d8180000,0x00000000d8180000)
  from space 5120K, 30% used [0x00000000d8180000,0x00000000d830b8b0,0x00000000d8680000)
  to   space 5120K, 0% used [0x00000000d8680000,0x00000000d8680000,0x00000000d8b80000)
 ParOldGen       total 86016K, used 24K [0x0000000082400000, 0x0000000087800000, 0x00000000d6180000)
  object space 86016K, 0% used [0x0000000082400000,0x0000000082406000,0x0000000087800000)
 Metaspace       used 7932K, capacity 8011K, committed 8192K, reserved 1056768K
  class space    used 700K, capacity 722K, committed 768K, reserved 1048576K
Event: 6.691 GC heap after
Heap after GC invocations=4 (full 0):
 PSYoungGen      total 37888K, used 1678K [0x00000000d6180000, 0x00000000d8b80000, 0x0000000100000000)
  eden space 32768K, 0% used [0x00000000d6180000,0x00000000d6180000,0x00000000d8180000)
  from space 5120K, 32% used [0x00000000d8680000,0x00000000d88238b0,0x00000000d8b80000)
  to   space 5120K, 0% used [0x00000000d8180000,0x00000000d8180000,0x00000000d8680000)
 ParOldGen       total 86016K, used 32K [0x0000000082400000, 0x0000000087800000, 0x00000000d6180000)
  object space 86016K, 0% used [0x0000000082400000,0x0000000082408000,0x0000000087800000)
 Metaspace       used 7932K, capacity 8011K, committed 8192K, reserved 1056768K
  class space    used 700K, capacity 722K, committed 768K, reserved 1048576K
}
Event: 7.542 GC heap before
{Heap before GC invocations=5 (full 0):
 PSYoungGen      total 37888K, used 34446K [0x00000000d6180000, 0x00000000d8b80000, 0x0000000100000000)
  eden space 32768K, 100% used [0x00000000d6180000,0x00000000d8180000,0x00000000d8180000)
  from space 5120K, 32% used [0x00000000d8680000,0x00000000d88238b0,0x00000000d8b80000)
  to   space 5120K, 0% used [0x00000000d8180000,0x00000000d8180000,0x00000000d8680000)
 ParOldGen       total 86016K, used 32K [0x0000000082400000, 0x0000000087800000, 0x00000000d6180000)
  object space 86016K, 0% used [0x0000000082400000,0x0000000082408000,0x0000000087800000)
 Metaspace       used 7960K, capacity 8011K, committed 8192K, reserved 1056768K
  class space    used 700K, capacity 722K, committed 768K, reserved 1048576K
Event: 7.546 GC heap after
Heap after GC invocations=5 (full 0):
 PSYoungGen      total 34304K, used 1678K [0x00000000d6180000, 0x00000000d8900000, 0x0000000100000000)
  eden space 32256K, 0% used [0x00000000d6180000,0x00000000d6180000,0x00000000d8100000)
  from space 2048K, 81% used [0x00000000d8180000,0x00000000d83238b0,0x00000000d8380000)
  to   space 4096K, 0% used [0x00000000d8500000,0x00000000d8500000,0x00000000d8900000)
 ParOldGen       total 86016K, used 40K [0x0000000082400000, 0x0000000087800000, 0x00000000d6180000)
  object space 86016K, 0% used [0x0000000082400000,0x000000008240a000,0x0000000087800000)
 Metaspace       used 7960K, capacity 8011K, committed 8192K, reserved 1056768K
  class space    used 700K, capacity 722K, committed 768K, reserved 1048576K
}
Event: 8.351 GC heap before
{Heap before GC invocations=6 (full 0):
 PSYoungGen      total 34304K, used 33934K [0x00000000d6180000, 0x00000000d8900000, 0x0000000100000000)
  eden space 32256K, 100% used [0x00000000d6180000,0x00000000d8100000,0x00000000d8100000)
  from space 2048K, 81% used [0x00000000d8180000,0x00000000d83238b0,0x00000000d8380000)
  to   space 4096K, 0% used [0x00000000d8500000,0x00000000d8500000,0x00000000d8900000)
 ParOldGen       total 86016K, used 40K [0x0000000082400000, 0x0000000087800000, 0x00000000d6180000)
  object space 86016K, 0% used [0x0000000082400000,0x000000008240a000,0x0000000087800000)
 Metaspace       used 7963K, capacity 8011K, committed 8192K, reserved 1056768K
  class space    used 700K, capacity 722K, committed 768K, reserved 1048576K
Event: 8.354 GC heap after
Heap after GC invocations=6 (full 0):
 PSYoungGen      total 34304K, used 1742K [0x00000000d6180000, 0x00000000d8780000, 0x0000000100000000)
  eden space 31744K, 0% used [0x00000000d6180000,0x00000000d6180000,0x00000000d8080000)
  from space 2560K, 68% used [0x00000000d8500000,0x00000000d86b38b0,0x00000000d8780000)
  to   space 3584K, 0% used [0x00000000d8080000,0x00000000d8080000,0x00000000d8400000)
 ParOldGen       total 86016K, used 48K [0x0000000082400000, 0x0000000087800000, 0x00000000d6180000)
  object space 86016K, 0% used [0x0000000082400000,0x000000008240c000,0x0000000087800000)
 Metaspace       used 7963K, capacity 8011K, committed 8192K, reserved 1056768K
  class space    used 700K, capacity 722K, committed 768K, reserved 1048576K
}
Event: 9.242 GC heap before
{Heap before GC invocations=7 (full 0):
 PSYoungGen      total 34304K, used 33486K [0x00000000d6180000, 0x00000000d8780000, 0x0000000100000000)
  eden space 31744K, 100% used [0x00000000d6180000,0x00000000d8080000,0x00000000d8080000)
  from space 2560K, 68% used [0x00000000d8500000,0x00000000d86b38b0,0x00000000d8780000)
  to   space 3584K, 0% used [0x00000000d8080000,0x00000000d8080000,0x00000000d8400000)
 ParOldGen       total 86016K, used 48K [0x0000000082400000, 0x0000000087800000, 0x00000000d6180000)
  object space 86016K, 0% used [0x0000000082400000,0x000000008240c000,0x0000000087800000)
 Metaspace       used 8002K, capacity 8075K, committed 8192K, reserved 1056768K
  class space    used 700K, capacity 722K, committed 768K, reserved 1048576K
Event: 9.245 GC heap after
Heap after GC invocations=7 (full 0):
 PSYoungGen      total 34816K, used 320K [0x00000000d6180000, 0x00000000d8800000, 0x0000000100000000)
  eden space 31232K, 0% used [0x00000000d6180000,0x00000000d6180000,0x00000000d8000000)
  from space 3584K, 8% used [0x00000000d8080000,0x00000000d80d0000,0x00000000d8400000)
  to   space 4096K, 0% used [0x00000000d8400000,0x00000000d8400000,0x00000000d8800000)
 ParOldGen       total 86016K, used 1497K [0x0000000082400000, 0x0000000087800000, 0x00000000d6180000)
  object space 86016K, 1% used [0x0000000082400000,0x0000000082576450,0x0000000087800000)
 Metaspace       used 8002K, capacity 8075K, committed 8192K, reserved 1056768K
  class space    used 700K, capacity 722K, committed 768K, reserved 1048576K
}
Event: 10.034 GC heap before
{Heap before GC invocations=8 (full 0):
 PSYoungGen      total 34816K, used 31552K [0x00000000d6180000, 0x00000000d8800000, 0x0000000100000000)
  eden space 31232K, 100% used [0x00000000d6180000,0x00000000d8000000,0x00000000d8000000)
  from space 3584K, 8% used [0x00000000d8080000,0x00000000d80d0000,0x00000000d8400000)
  to   space 4096K, 0% used [0x00000000d8400000,0x00000000d8400000,0x00000000d8800000)
 ParOldGen       total 86016K, used 1497K [0x0000000082400000, 0x0000000087800000, 0x00000000d6180000)
  object space 86016K, 1% used [0x0000000082400000,0x0000000082576450,0x0000000087800000)
 Metaspace       used 8002K, capacity 8075K, committed 8192K, reserved 1056768K
  class space    used 700K, capacity 722K, committed 768K, reserved 1048576K
Event: 10.035 GC heap after
Heap after GC invocations=8 (full 0):
 PSYoungGen      total 34304K, used 288K [0x00000000d6180000, 0x00000000d8780000, 0x0000000100000000)
  eden space 30720K, 0% used [0x00000000d6180000,0x00000000d6180000,0x00000000d7f80000)
  from space 3584K, 8% used [0x00000000d8400000,0x00000000d8448000,0x00000000d8780000)
  to   space 4096K, 0% used [0x00000000d7f80000,0x00000000d7f80000,0x00000000d8380000)
 ParOldGen       total 86016K, used 1585K [0x0000000082400000, 0x0000000087800000, 0x00000000d6180000)
  object space 86016K, 1% used [0x0000000082400000,0x000000008258c450,0x0000000087800000)
 Metaspace       used 8002K, capacity 8075K, committed 8192K, reserved 1056768K
  class space    used 700K, capacity 722K, committed 768K, reserved 1048576K
}

Deoptimization events (10 events):
Event: 1.285 Thread 0x0000000003026000 Uncommon trap: reason=unstable_if action=reinterpret pc=0x000000000327a484 method=java.lang.String.indexOf([CII[CIII)I @ 134
Event: 3.411 Thread 0x000000001b1f4800 Uncommon trap: reason=unstable_if action=reinterpret pc=0x0000000003390b98 method=com.badlogic.gdx.assets.AssetLoadingTask.update()Z @ 17
Event: 3.515 Thread 0x000000001b1f4800 Uncommon trap: reason=unstable_if action=reinterpret pc=0x000000000338f23c method=com.badlogic.gdx.assets.AssetLoadingTask.update()Z @ 17
Event: 3.517 Thread 0x000000001b1f4800 Uncommon trap: reason=unstable_if action=reinterpret pc=0x000000000338c368 method=com.badlogic.gdx.assets.AssetLoadingTask.handleAsyncLoader()V @ 19
Event: 10.293 Thread 0x000000001b1f4800 Uncommon trap: reason=unstable_if action=reinterpret pc=0x00000000033531dc method=sun.net.www.ParseUtil.encodePath(Ljava/lang/String;Z)Ljava/lang/String; @ 109
Event: 10.340 Thread 0x000000001b1f4800 Uncommon trap: reason=unstable_if action=reinterpret pc=0x000000000342d078 method=java.lang.Math.round(F)I @ 23
Event: 10.373 Thread 0x000000001b1f4800 Uncommon trap: reason=unstable_if action=reinterpret pc=0x000000000353da78 method=java.lang.Math.round(F)I @ 23
Event: 16.978 Thread 0x000000001b1f4800 Uncommon trap: reason=unstable_if action=reinterpret pc=0x000000000363d368 method=java.util.ArrayList$Itr.hasNext()Z @ 11
Event: 16.995 Thread 0x000000001b1f4800 Uncommon trap: reason=unstable_if action=reinterpret pc=0x0000000003639728 method=java.util.ArrayList$Itr.hasNext()Z @ 11
Event: 17.560 Thread 0x000000001b1f4800 Uncommon trap: reason=unstable_if action=reinterpret pc=0x00000000035c65f8 method=com.badlogic.gdx.math.Rectangle.overlaps(Lcom/badlogic/gdx/math/Rectangle;)Z @ 65

Classes redefined (0 events):
No events

Internal exceptions (10 events):
Event: 1.282 Thread 0x0000000003026000 Exception <a 'java/security/PrivilegedActionException'> (0x00000000d671fda8) thrown at [D:\src\AOSP-openjdk-cygwin\jdk8u\hotspot\src\share\vm\prims\jvm.cpp, line 1508]
Event: 1.282 Thread 0x0000000003026000 Exception <a 'java/security/PrivilegedActionException'> (0x00000000d671ffb8) thrown at [D:\src\AOSP-openjdk-cygwin\jdk8u\hotspot\src\share\vm\prims\jvm.cpp, line 1508]
Event: 1.282 Thread 0x0000000003026000 Exception <a 'java/security/PrivilegedActionException'> (0x00000000d67214f0) thrown at [D:\src\AOSP-openjdk-cygwin\jdk8u\hotspot\src\share\vm\prims\jvm.cpp, line 1508]
Event: 1.282 Thread 0x0000000003026000 Exception <a 'java/security/PrivilegedActionException'> (0x00000000d6721700) thrown at [D:\src\AOSP-openjdk-cygwin\jdk8u\hotspot\src\share\vm\prims\jvm.cpp, line 1508]
Event: 1.927 Thread 0x0000000003026000 Exception <a 'java/security/PrivilegedActionException'> (0x00000000d69ff388) thrown at [D:\src\AOSP-openjdk-cygwin\jdk8u\hotspot\src\share\vm\prims\jvm.cpp, line 1508]
Event: 1.928 Thread 0x0000000003026000 Exception <a 'java/security/PrivilegedActionException'> (0x00000000d6a00fe0) thrown at [D:\src\AOSP-openjdk-cygwin\jdk8u\hotspot\src\share\vm\prims\jvm.cpp, line 1508]
Event: 1.928 Thread 0x0000000003026000 Exception <a 'java/security/PrivilegedActionException'> (0x00000000d6a02150) thrown at [D:\src\AOSP-openjdk-cygwin\jdk8u\hotspot\src\share\vm\prims\jvm.cpp, line 1508]
Event: 1.928 Thread 0x0000000003026000 Exception <a 'java/security/PrivilegedActionException'> (0x00000000d6a07e40) thrown at [D:\src\AOSP-openjdk-cygwin\jdk8u\hotspot\src\share\vm\prims\jvm.cpp, line 1508]
Event: 1.928 Thread 0x0000000003026000 Exception <a 'java/security/PrivilegedActionException'> (0x00000000d6a08a98) thrown at [D:\src\AOSP-openjdk-cygwin\jdk8u\hotspot\src\share\vm\prims\jvm.cpp, line 1508]
Event: 1.928 Thread 0x0000000003026000 Exception <a 'java/security/PrivilegedActionException'> (0x00000000d6a096c0) thrown at [D:\src\AOSP-openjdk-cygwin\jdk8u\hotspot\src\share\vm\prims\jvm.cpp, line 1508]

Events (10 events):
Event: 23.922 Thread 0x000000001b1f4800 DEOPT PACKING pc=0x00000000032b21fc sp=0x000000001c1acc30
Event: 23.922 Thread 0x000000001b1f4800 DEOPT UNPACKING pc=0x00000000031675d0 sp=0x000000001c1aca50 mode 1
Event: 23.922 Thread 0x000000001b1f4800 DEOPT PACKING pc=0x00000000032b1f94 sp=0x000000001c1acdc0
Event: 23.922 Thread 0x000000001b1f4800 DEOPT UNPACKING pc=0x00000000031675d0 sp=0x000000001c1acbe0 mode 1
Event: 25.639 Thread 0x000000001a004000 flushing nmethod 0x0000000003222750
Event: 25.639 Thread 0x000000001a004000 flushing nmethod 0x0000000003223350
Event: 25.639 Thread 0x000000001a004000 flushing nmethod 0x0000000003225990
Event: 25.639 Thread 0x000000001a004000 flushing nmethod 0x0000000003225f90
Event: 25.639 Thread 0x000000001a004000 flushing nmethod 0x000000000322fc50
Event: 25.639 Thread 0x000000001a004000 flushing nmethod 0x00000000032367d0


Dynamic libraries:
0x00007ff690b50000 - 0x00007ff690b81000 	C:\Program Files\Android\Android Studio\jre\bin\java.exe
0x00007ffbb0080000 - 0x00007ffbb0270000 	C:\WINDOWS\SYSTEM32\ntdll.dll
0x00007ffbaeeb0000 - 0x00007ffbaef62000 	C:\WINDOWS\System32\KERNEL32.DLL
0x00007ffbad010000 - 0x00007ffbad2b3000 	C:\WINDOWS\System32\KERNELBASE.dll
0x00007ffbafcc0000 - 0x00007ffbafd63000 	C:\WINDOWS\System32\ADVAPI32.dll
0x00007ffbaf0a0000 - 0x00007ffbaf13e000 	C:\WINDOWS\System32\msvcrt.dll
0x00007ffbae790000 - 0x00007ffbae827000 	C:\WINDOWS\System32\sechost.dll
0x00007ffbae160000 - 0x00007ffbae280000 	C:\WINDOWS\System32\RPCRT4.dll
0x00007ffbaf2f0000 - 0x00007ffbaf484000 	C:\WINDOWS\System32\USER32.dll
0x00007ffbad7b0000 - 0x00007ffbad7d1000 	C:\WINDOWS\System32\win32u.dll
0x00007ffbafec0000 - 0x00007ffbafee6000 	C:\WINDOWS\System32\GDI32.dll
0x00007ffbad5e0000 - 0x00007ffbad774000 	C:\WINDOWS\System32\gdi32full.dll
0x00007ffbad2c0000 - 0x00007ffbad35e000 	C:\WINDOWS\System32\msvcp_win.dll
0x00007ffbad3e0000 - 0x00007ffbad4da000 	C:\WINDOWS\System32\ucrtbase.dll
0x00007ffb93850000 - 0x00007ffb93ad5000 	C:\WINDOWS\WinSxS\amd64_microsoft.windows.common-controls_6595b64144ccf1df_6.0.18362.418_none_e6c6b287130d565d\COMCTL32.dll
0x00007ffbae450000 - 0x00007ffbae786000 	C:\WINDOWS\System32\combase.dll
0x00007ffbadf60000 - 0x00007ffbadfe0000 	C:\WINDOWS\System32\bcryptPrimitives.dll
0x00007ffbae130000 - 0x00007ffbae15e000 	C:\WINDOWS\System32\IMM32.DLL
0x0000000053710000 - 0x00000000537e2000 	C:\Program Files\Android\Android Studio\jre\jre\bin\msvcr100.dll
0x00000000537f0000 - 0x0000000054036000 	C:\Program Files\Android\Android Studio\jre\jre\bin\server\jvm.dll
0x00007ffbafd70000 - 0x00007ffbafd78000 	C:\WINDOWS\System32\PSAPI.DLL
0x00007ffba0510000 - 0x00007ffba0519000 	C:\WINDOWS\SYSTEM32\WSOCK32.dll
0x00007ffbaee40000 - 0x00007ffbaeeaf000 	C:\WINDOWS\System32\WS2_32.dll
0x00007ffba18d0000 - 0x00007ffba18f4000 	C:\WINDOWS\SYSTEM32\WINMM.dll
0x00007ffba4a30000 - 0x00007ffba4a3a000 	C:\WINDOWS\SYSTEM32\VERSION.dll
0x00007ffba18a0000 - 0x00007ffba18cd000 	C:\WINDOWS\SYSTEM32\winmmbase.dll
0x00007ffbad4e0000 - 0x00007ffbad52a000 	C:\WINDOWS\System32\cfgmgr32.dll
0x00007ffba9720000 - 0x00007ffba972f000 	C:\Program Files\Android\Android Studio\jre\jre\bin\verify.dll
0x00007ffb948c0000 - 0x00007ffb948e9000 	C:\Program Files\Android\Android Studio\jre\jre\bin\java.dll
0x00007ffba6970000 - 0x00007ffba69a5000 	C:\Program Files\Android\Android Studio\jre\jre\bin\jdwp.dll
0x00007ffba6960000 - 0x00007ffba6968000 	C:\Program Files\Android\Android Studio\jre\jre\bin\npt.dll
0x00007ffba6930000 - 0x00007ffba6953000 	C:\Program Files\Android\Android Studio\jre\jre\bin\instrument.dll
0x00007ffb95860000 - 0x00007ffb95876000 	C:\Program Files\Android\Android Studio\jre\jre\bin\zip.dll
0x00007ffbaf490000 - 0x00007ffbafb75000 	C:\WINDOWS\System32\SHELL32.dll
0x00007ffbafd80000 - 0x00007ffbafe29000 	C:\WINDOWS\System32\shcore.dll
0x00007ffbad7e0000 - 0x00007ffbadf5f000 	C:\WINDOWS\System32\windows.storage.dll
0x00007ffbacff0000 - 0x00007ffbad00f000 	C:\WINDOWS\System32\profapi.dll
0x00007ffbacfa0000 - 0x00007ffbacfea000 	C:\WINDOWS\System32\powrprof.dll
0x00007ffbacf50000 - 0x00007ffbacf60000 	C:\WINDOWS\System32\UMPDC.dll
0x00007ffbaef70000 - 0x00007ffbaefc2000 	C:\WINDOWS\System32\shlwapi.dll
0x00007ffbacf60000 - 0x00007ffbacf71000 	C:\WINDOWS\System32\kernel.appcore.dll
0x00007ffbad3c0000 - 0x00007ffbad3d7000 	C:\WINDOWS\System32\cryptsp.dll
0x00007ffba6a70000 - 0x00007ffba6a79000 	C:\Program Files\Android\Android Studio\jre\jre\bin\dt_socket.dll
0x00007ffbac7c0000 - 0x00007ffbac827000 	C:\WINDOWS\system32\mswsock.dll
0x0000000065ac0000 - 0x0000000065b26000 	C:\Users\jacks\AppData\Local\Temp\libgdxjacks\689f6d6a\gdx64.dll
0x00007ffbac330000 - 0x00007ffbac363000 	C:\WINDOWS\system32\rsaenh.dll
0x00007ffbad780000 - 0x00007ffbad7a6000 	C:\WINDOWS\System32\bcrypt.dll
0x00007ffbace70000 - 0x00007ffbace95000 	C:\WINDOWS\SYSTEM32\USERENV.dll
0x00007ffbac990000 - 0x00007ffbac99c000 	C:\WINDOWS\SYSTEM32\CRYPTBASE.dll
0x00007ffb8e120000 - 0x00007ffb8e13a000 	C:\Program Files\Android\Android Studio\jre\jre\bin\net.dll
0x00007ffbac4d0000 - 0x00007ffbac50a000 	C:\WINDOWS\SYSTEM32\IPHLPAPI.DLL
0x00007ffbafe30000 - 0x00007ffbafe38000 	C:\WINDOWS\System32\NSI.dll
0x00007ffba73d0000 - 0x00007ffba73e6000 	C:\WINDOWS\SYSTEM32\dhcpcsvc6.DLL
0x00007ffba7780000 - 0x00007ffba779c000 	C:\WINDOWS\SYSTEM32\dhcpcsvc.DLL
0x00007ffbac510000 - 0x00007ffbac5da000 	C:\WINDOWS\SYSTEM32\DNSAPI.dll
0x00007ffb8e100000 - 0x00007ffb8e111000 	C:\Program Files\Android\Android Studio\jre\jre\bin\nio.dll
0x0000000180000000 - 0x0000000180053000 	C:\Users\jacks\AppData\Local\Temp\libgdxjacks\dc0f0009\lwjgl64.dll
0x00007ffb946f0000 - 0x00007ffb94846000 	C:\WINDOWS\SYSTEM32\OPENGL32.dll
0x00007ffba7650000 - 0x00007ffba767c000 	C:\WINDOWS\SYSTEM32\GLU32.dll
0x00007ffbabbc0000 - 0x00007ffbabbe0000 	C:\WINDOWS\SYSTEM32\dxcore.dll
0x0000000002ea0000 - 0x0000000002f04000 	C:\Users\jacks\AppData\Local\Temp\libgdxjacks\dc0f0009\OpenAL64.dll
0x00007ffbae2f0000 - 0x00007ffbae446000 	C:\WINDOWS\System32\ole32.dll
0x00007ffbaaed0000 - 0x00007ffbaaf69000 	C:\WINDOWS\system32\uxtheme.dll
0x00007ffbafc10000 - 0x00007ffbafcb2000 	C:\WINDOWS\System32\clbcatq.dll
0x00007ffba5810000 - 0x00007ffba58a9000 	C:\WINDOWS\SYSTEM32\dsound.dll
0x00007ffba4c90000 - 0x00007ffba4d02000 	C:\WINDOWS\System32\MMDevApi.dll
0x00007ffbacd50000 - 0x00007ffbacd7a000 	C:\WINDOWS\System32\DEVOBJ.dll
0x00007ffba3c40000 - 0x00007ffba3d9d000 	C:\WINDOWS\SYSTEM32\AUDIOSES.DLL
0x00007ffbafef0000 - 0x00007ffbaffb4000 	C:\WINDOWS\System32\OLEAUT32.dll
0x00007ffba87a0000 - 0x00007ffba88f3000 	C:\WINDOWS\SYSTEM32\wintypes.dll
0x00007ffbab1f0000 - 0x00007ffbab204000 	C:\WINDOWS\SYSTEM32\resourcepolicyclient.dll
0x00007ffba8a80000 - 0x00007ffba8b2e000 	C:\WINDOWS\SYSTEM32\mscms.dll
0x00007ffba8c00000 - 0x00007ffba8c17000 	C:\WINDOWS\SYSTEM32\ColorAdapterClient.dll
0x00007ffb8e570000 - 0x00007ffb8e58a000 	C:\Windows\System32\Windows.Internal.Graphics.Display.DisplayColorManagement.dll
0x00007ffbaeca0000 - 0x00007ffbaedd6000 	C:\WINDOWS\System32\MSCTF.dll
0x00007ffb54260000 - 0x00007ffb550fd000 	C:\WINDOWS\System32\DriverStore\FileRepository\igdlh64.inf_amd64_6317832c7300b942\ig9icd64.dll
0x00007ffbaba70000 - 0x00007ffbaba83000 	C:\WINDOWS\SYSTEM32\WTSAPI32.dll
0x00007ffbabc50000 - 0x00007ffbabd3b000 	C:\WINDOWS\SYSTEM32\dxgi.dll
0x00007ffbab2f0000 - 0x00007ffbab31d000 	C:\WINDOWS\SYSTEM32\dwmapi.dll
0x00007ffb8eb60000 - 0x00007ffb8ebfe000 	C:\WINDOWS\System32\TextInputFramework.dll
0x00007ffb8fa20000 - 0x00007ffb8fd4a000 	C:\WINDOWS\System32\CoreUIComponents.dll
0x00007ffbaaae0000 - 0x00007ffbaabb4000 	C:\WINDOWS\System32\CoreMessaging.dll
0x00007ffbabfb0000 - 0x00007ffbabfe1000 	C:\WINDOWS\SYSTEM32\ntmarta.dll
0x00007ffb9f500000 - 0x00007ffb9f7a6000 	C:\WINDOWS\System32\iertutil.dll
0x00007ffba69b0000 - 0x00007ffba69f3000 	C:\WINDOWS\SYSTEM32\icm32.dll
0x00007ffb8a100000 - 0x00007ffb8b730000 	C:\WINDOWS\System32\DriverStore\FileRepository\igdlh64.inf_amd64_6317832c7300b942\igc64.dll
0x00007ffbab870000 - 0x00007ffbaba64000 	C:\WINDOWS\SYSTEM32\dbghelp.dll

VM Arguments:
jvm_args: -agentlib:jdwp=transport=dt_socket,address=127.0.0.1:63883,suspend=y,server=n -javaagent:C:\Users\jacks\.AndroidStudio3.5\system\groovyHotSwap\gragent.jar -javaagent:C:\Users\jacks\.AndroidStudio3.5\system\captureAgent\debugger-agent.jar -Dfile.encoding=UTF-8 
java_command: com.philosfight.game.desktop.DesktopLauncher
java_class_path (initial): C:\Program Files\Android\Android Studio\jre\jre\lib\charsets.jar;C:\Program Files\Android\Android Studio\jre\jre\lib\ext\access-bridge-64.jar;C:\Program Files\Android\Android Studio\jre\jre\lib\ext\cldrdata.jar;C:\Program Files\Android\Android Studio\jre\jre\lib\ext\dnsns.jar;C:\Program Files\Android\Android Studio\jre\jre\lib\ext\jaccess.jar;C:\Program Files\Android\Android Studio\jre\jre\lib\ext\localedata.jar;C:\Program Files\Android\Android Studio\jre\jre\lib\ext\nashorn.jar;C:\Program Files\Android\Android Studio\jre\jre\lib\ext\sunec.jar;C:\Program Files\Android\Android Studio\jre\jre\lib\ext\sunjce_provider.jar;C:\Program Files\Android\Android Studio\jre\jre\lib\ext\sunmscapi.jar;C:\Program Files\Android\Android Studio\jre\jre\lib\ext\sunpkcs11.jar;C:\Program Files\Android\Android Studio\jre\jre\lib\ext\zipfs.jar;C:\Program Files\Android\Android Studio\jre\jre\lib\jce.jar;C:\Program Files\Android\Android Studio\jre\jre\lib\jsse.jar;C:\Program Files\Android\Android Studio\jre\jre\lib\management-agent.jar;C:\Program Files\Android\Android Studio\jre\jre\lib\resources.jar;C:\Program Files\Android\Android Studio\jre\jre\lib\rt.jar;C:\Users\jacks\OneDrive\Desktop\Programmazione ad Oggetti\Progetto OOP\Philosofight\desktop\build\classes\java\main;C:\Users\jacks\OneDrive\Desktop\Programmazione ad Oggetti\Progetto OOP\Philosofight\core\build\classes\java\main;C:\Users\jacks\.gradle\caches\modules-2\files-2.1\com.badlogicgames.box2dlights\box2dlights\1.4\3d77ad5b4164fb32fc67e2446e35911bb0aaf0bd\box2dlights-1.4.jar;C:\Users\jacks\.gradle\caches\modules-2\files-2.1\com.badlogicgames.gdx\gdx-box2d\1.9.9\e9a43c50fbe4f1e26dd0af5d2e78d125549e7f6b\gdx-box2d-1.9.9.jar;C:\Users\jacks\.gradle\caches\modules-2\files-2.1\com.badlogicgames.gdx\gdx-bullet\1.9.9\2d9d401dd81a607a52ba93d0c3ec2b09967fa9d7\gdx-bullet-1.9.9.jar;C:\Users\jacks\.gradle\caches\modules-2\files-2.1\com.badlogicgames.gdx\gdx\1.9.9\bf26f2f816b3cfe37ac6e66615391c30714b7030\gdx-1.9.9.j
Launcher Type: SUN_STANDARD

Environment Variables:
PATH=C:\Program Files (x86)\NVIDIA Corporation\PhysX\Common;C:\Program Files (x86)\Common Files\Oracle\Java\javapath;C:\Program Files (x86)\Intel\Intel(R) Management Engine Components\iCLS\;C:\Program Files\Intel\Intel(R) Management Engine Components\iCLS\;C:\WINDOWS\system32;C:\WINDOWS;C:\WINDOWS\System32\Wbem;C:\WINDOWS\System32\WindowsPowerShell\v1.0\;C:\WINDOWS\System32\OpenSSH\;C:\Program Files (x86)\Intel\Intel(R) Management Engine Components\DAL;C:\Program Files\Intel\Intel(R) Management Engine Components\DAL;C:\Program Files (x86)\Intel\Intel(R) Management Engine Components\IPT;C:\Program Files\Intel\Intel(R) Management Engine Components\IPT;C:\Program Files\Microsoft SQL Server\130\Tools\Binn\;C:\Program Files\Git\cmd;C:\Program Files\Microsoft SQL Server\Client SDK\ODBC\110\Tools\Binn\;C:\Program Files (x86)\Microsoft SQL Server\120\Tools\Binn\;C:\Program Files\Microsoft SQL Server\120\Tools\Binn\;C:\Program Files\Microsoft SQL Server\120\DTS\Binn\;C:\Program Files (x86)\Microsoft SQL Server\120\Tools\Binn\ManagementStudio\;C:\Program Files (x86)\Microsoft SQL Server\120\DTS\Binn\;C:\Program Files (x86)\Windows Kits\8.1\Windows Performance Toolkit\;C:\Program Files\Intel\WiFi\bin\;C:\Program Files\Common Files\Intel\WirelessCommon\;C:\Users\jacks\AppData\Local\Microsoft\WindowsApps;C:\Users\jacks\AppData\Local\GitHubDesktop\bin;%USERPROFILE%\AppData\Local\Microsoft\WindowsApps;
USERNAME=jacks
OS=Windows_NT
PROCESSOR_IDENTIFIER=Intel64 Family 6 Model 142 Stepping 10, GenuineIntel



---------------  S Y S T E M  ---------------

OS: Windows 10.0 , 64 bit Build 18362 (10.0.18362.329)

CPU:total 8 (initial active 8) (4 cores per cpu, 2 threads per core) family 6 model 142 stepping 10, cmov, cx8, fxsr, mmx, sse, sse2, sse3, ssse3, sse4.1, sse4.2, popcnt, avx, avx2, aes, clmul, erms, 3dnowpref, lzcnt, ht, tsc, tscinvbit, bmi1, bmi2, adx

Memory: 4k page, physical 8238332k(1088080k free), swap 10692376k(1150240k free)

vm_info: OpenJDK 64-Bit Server VM (25.202-b03) for windows-amd64 JRE (1.8.0_202-release-1483-b03), built by "builder" with MS VC++ 10.0 (VS2010)

time: Wed Nov 06 20:31:57 2019
timezone: ora solare Europa occidentale
elapsed time: 26 seconds (0d 0h 0m 26s)

