#
# A fatal error has been detected by the Java Runtime Environment:
#
#  EXCEPTION_ACCESS_VIOLATION (0xc0000005) at pc=0x00007ffbb00bd17e, pid=22932, tid=0x0000000000005a8c
#
# JRE version: OpenJDK Runtime Environment (8.0_202-b03) (build 1.8.0_202-release-1483-b03)
# Java VM: OpenJDK 64-Bit Server VM (25.202-b03 mixed mode windows-amd64 compressed oops)
# Problematic frame:
# C  [ntdll.dll+0x3d17e]
#
# Failed to write core dump. Minidumps are not enabled by default on client versions of Windows
#
# If you would like to submit a bug report, please visit:
#   http://bugreport.java.com/bugreport/crash.jsp
# The crash happened outside the Java Virtual Machine in native code.
# See problematic frame for where to report the bug.
#

---------------  T H R E A D  ---------------

Current thread (0x000000001a9e6800):  JavaThread "LWJGL Application" [_thread_in_native, id=23180, stack(0x000000001b9a0000,0x000000001baa0000)]

siginfo: ExceptionCode=0xc0000005, reading address 0xffffffffffffffff

Registers:
RAX=0x00000000003a0048, RBX=0x0000000000d50000, RCX=0x0000000000004872, RDX=0x0000000000000048
RSP=0x000000001ba9e970, RBP=0x000000001ba9ebf9, RSI=0x000000001b0238b0, RDI=0x000000003a004872
R8 =0x000000001b0238a0, R9 =0x0000000000013890, R10=0x00007ffbb01a1170, R11=0x00000000539f4980
R12=0x3f0f0000feffffff, R13=0x0000000000001389, R14=0x4425000042200000, R15=0x000000001b0238a0
RIP=0x00007ffbb00bd17e, EFLAGS=0x0000000000010212

Top of Stack: (sp=0x000000001ba9e970)
0x000000001ba9e970:   0000000017491780 000000001a9e6800
0x000000001ba9e980:   000000001ba9ea40 000000005388926c
0x000000001ba9e990:   000000001ba9f010 000000001ba9ea40
0x000000001ba9e9a0:   000000011750f001 0000000000000000
0x000000001ba9e9b0:   00000000ffffffff 0000000000000000
0x000000001ba9e9c0:   0000000000000001 0000000000001389
0x000000001ba9e9d0:   0000000017491780 000000001a9e6800
0x000000001ba9e9e0:   000000001aded0d0 0000000000d50150
0x000000001ba9e9f0:   000000001b0238a0 000000005388bba4
0x000000001ba9ea00:   000000001ba9ea40 000000001ba9eab0
0x000000001ba9ea10:   0000000000000000 00000000000003ff
0x000000001ba9ea20:   000000001a84fe60 000000001a84fe60
0x000000001ba9ea30:   000000001a84fe68 000000001a9e6800
0x000000001ba9ea40:   000000001a9e6800 0000000053888df0
0x000000001ba9ea50:   00000000172526f0 000000001a9e6800
0x000000001ba9ea60:   00000001000b2170 0000000080000001 

Instructions: (pc=0x00007ffbb00bd17e)
0x00007ffbb00bd15e:   0f b7 4f 08 0f b7 d1 66 c1 ea 08 4c 8b 6c 24 58
0x00007ffbb00bd16e:   49 3b cd 0f 82 9f 13 00 00 4c 8b 36 4d 8b 67 18
0x00007ffbb00bd17e:   49 8b 04 24 4d 8b 4e 08 49 3b c1 0f 85 64 13 00
0x00007ffbb00bd18e:   00 48 3b c6 0f 85 5b 13 00 00 48 29 8b c0 00 00 


Register to memory mapping:

RAX=0x00000000003a0048 is an unknown value
RBX=0x0000000000d50000 is an unknown value
RCX=0x0000000000004872 is an unknown value
RDX=0x0000000000000048 is an unknown value
RSP=0x000000001ba9e970 is pointing into the stack for thread: 0x000000001a9e6800
RBP=0x000000001ba9ebf9 is pointing into the stack for thread: 0x000000001a9e6800
RSI=0x000000001b0238b0 is an unknown value
RDI=0x000000003a004872 is an unknown value
R8 =0x000000001b0238a0 is an unknown value
R9 =0x0000000000013890 is an unknown value
R10=0x00007ffbb01a1170 is an unknown value
R11=0x00000000539f4980 is an unknown value
R12=0x3f0f0000feffffff is an unknown value
R13=0x0000000000001389 is an unknown value
R14=0x4425000042200000 is an unknown value
R15=0x000000001b0238a0 is an unknown value


Stack: [0x000000001b9a0000,0x000000001baa0000],  sp=0x000000001ba9e970,  free space=1018k
Native frames: (J=compiled Java code, j=interpreted, Vv=VM code, C=native code)
C  [ntdll.dll+0x3d17e]
C  [ntdll.dll+0x3babb]
C  [msvcrt.dll+0x19da0]
C  [gdx64.dll+0x3984]
C  0x0000000002921b30

Java frames: (J=compiled Java code, j=interpreted, Vv=VM code)
j  com.badlogic.gdx.utils.BufferUtils.newDisposableByteBuffer(I)Ljava/nio/ByteBuffer;+0
j  com.badlogic.gdx.utils.BufferUtils.newUnsafeByteBuffer(I)Ljava/nio/ByteBuffer;+1
j  com.badlogic.gdx.graphics.glutils.VertexArray.<init>(ILcom/badlogic/gdx/graphics/VertexAttributes;)V+24
j  com.badlogic.gdx.graphics.Mesh.<init>(Lcom/badlogic/gdx/graphics/Mesh$VertexDataType;ZIILcom/badlogic/gdx/graphics/VertexAttributes;)V+179
j  com.badlogic.gdx.graphics.Mesh.<init>(Lcom/badlogic/gdx/graphics/Mesh$VertexDataType;ZII[Lcom/badlogic/gdx/graphics/VertexAttribute;)V+15
j  com.badlogic.gdx.graphics.g2d.SpriteBatch.<init>(ILcom/badlogic/gdx/graphics/glutils/ShaderProgram;)V+248
j  com.badlogic.gdx.graphics.g2d.SpriteBatch.<init>()V+5
j  com.philosfight.game.Menu.MenuRenderer.init()V+5
j  com.philosfight.game.Menu.MenuRenderer.<init>()V+11
j  com.philosfight.game.ScreenClasses.MenuScreen.show()V+5
j  com.badlogic.gdx.Game.setScreen(Lcom/badlogic/gdx/Screen;)V+32
j  com.philosfight.game.gameStuff.WorldController.backToMenu()V+15
j  com.philosfight.game.gameStuff.WorldController.keyUp(I)Z+7
J 1017 C1 com.badlogic.gdx.backends.lwjgl.LwjglInput.processEvents()V (478 bytes) @ 0x0000000002d104e4 [0x0000000002d0ff00+0x5e4]
j  com.badlogic.gdx.backends.lwjgl.LwjglApplication.mainLoop()V+600
j  com.badlogic.gdx.backends.lwjgl.LwjglApplication$1.run()V+27
v  ~StubRoutines::call_stub

---------------  P R O C E S S  ---------------

Java Threads: ( => current thread )
  0x000000001ac6b800 JavaThread "LWJGL Timer" daemon [_thread_blocked, id=24396, stack(0x0000000025ad0000,0x0000000025bd0000)]
  0x000000001ae0e800 JavaThread "AsynchExecutor-Thread" daemon [_thread_blocked, id=11900, stack(0x00000000259a0000,0x0000000025aa0000)]
  0x000000001addb800 JavaThread "AsynchExecutor-Thread" daemon [_thread_blocked, id=24016, stack(0x0000000025350000,0x0000000025450000)]
  0x0000000002806000 JavaThread "DestroyJavaVM" [_thread_blocked, id=16952, stack(0x0000000002540000,0x0000000002640000)]
=>0x000000001a9e6800 JavaThread "LWJGL Application" [_thread_in_native, id=23180, stack(0x000000001b9a0000,0x000000001baa0000)]
  0x0000000019864800 JavaThread "Service Thread" daemon [_thread_blocked, id=11176, stack(0x000000001a5f0000,0x000000001a6f0000)]
  0x00000000197ff800 JavaThread "C1 CompilerThread3" daemon [_thread_blocked, id=22600, stack(0x000000001a4f0000,0x000000001a5f0000)]
  0x00000000197a8000 JavaThread "C2 CompilerThread2" daemon [_thread_blocked, id=24588, stack(0x000000001a3f0000,0x000000001a4f0000)]
  0x00000000197a7800 JavaThread "C2 CompilerThread1" daemon [_thread_blocked, id=21412, stack(0x000000001a2f0000,0x000000001a3f0000)]
  0x0000000019783800 JavaThread "C2 CompilerThread0" daemon [_thread_blocked, id=18860, stack(0x000000001a1f0000,0x000000001a2f0000)]
  0x000000001961d000 JavaThread "JDWP Command Reader" daemon [_thread_in_native, id=16408, stack(0x000000001a0f0000,0x000000001a1f0000)]
  0x0000000019619800 JavaThread "JDWP Event Helper Thread" daemon [_thread_blocked, id=21580, stack(0x0000000019ff0000,0x000000001a0f0000)]
  0x000000001781c000 JavaThread "JDWP Transport Listener: dt_socket" daemon [_thread_blocked, id=5896, stack(0x0000000019ef0000,0x0000000019ff0000)]
  0x0000000019609800 JavaThread "Attach Listener" daemon [_thread_blocked, id=8440, stack(0x0000000019df0000,0x0000000019ef0000)]
  0x0000000019608000 JavaThread "Signal Dispatcher" daemon [_thread_blocked, id=3816, stack(0x0000000019cf0000,0x0000000019df0000)]
  0x00000000195f0800 JavaThread "Finalizer" daemon [_thread_blocked, id=10408, stack(0x0000000019ad0000,0x0000000019bd0000)]
  0x000000001780c000 JavaThread "Reference Handler" daemon [_thread_blocked, id=26088, stack(0x00000000199d0000,0x0000000019ad0000)]

Other Threads:
  0x0000000017806800 VMThread [stack: 0x00000000194d0000,0x00000000195d0000] [id=12880]
  0x0000000019877800 WatcherThread [stack: 0x000000001a6f0000,0x000000001a7f0000] [id=25608]

VM state:not at safepoint (normal execution)

VM Mutex/Monitor currently owned by a thread: None

heap address: 0x0000000082400000, size: 2012 MB, Compressed Oops mode: 32-bit
Narrow klass base: 0x0000000000000000, Narrow klass shift: 3
Compressed class space size: 1073741824 Address: 0x0000000100000000

Heap:
 PSYoungGen      total 37888K, used 21613K [0x00000000d6180000, 0x00000000d8b80000, 0x0000000100000000)
  eden space 32768K, 54% used [0x00000000d6180000,0x00000000d72e6c28,0x00000000d8180000)
  from space 5120K, 74% used [0x00000000d8180000,0x00000000d8534978,0x00000000d8680000)
  to   space 5120K, 0% used [0x00000000d8680000,0x00000000d8680000,0x00000000d8b80000)
 ParOldGen       total 86016K, used 8K [0x0000000082400000, 0x0000000087800000, 0x00000000d6180000)
  object space 86016K, 0% used [0x0000000082400000,0x0000000082402000,0x0000000087800000)
 Metaspace       used 8124K, capacity 8235K, committed 8448K, reserved 1056768K
  class space    used 717K, capacity 754K, committed 768K, reserved 1048576K

Card table byte_map: [0x0000000011cc0000,0x00000000120b0000] byte_map_base: 0x00000000118ae000

Marking Bits: (ParMarkBitMap*) 0x0000000053fb9f30
 Begin Bits: [0x0000000012b50000, 0x0000000014ac0000)
 End Bits:   [0x0000000014ac0000, 0x0000000016a30000)

Polling page: 0x0000000002640000

CodeCache: size=245760Kb used=4313Kb max_used=4313Kb free=241446Kb
 bounds [0x0000000002900000, 0x0000000002d40000, 0x0000000011900000]
 total_blobs=1504 nmethods=1043 adapters=383
 compilation: enabled

Compilation events (10 events):
Event: 16.180 Thread 0x00000000197ff800 1039       3       com.badlogic.gdx.backends.lwjgl.LwjglGraphics::getDeltaTime (5 bytes)
Event: 16.180 Thread 0x00000000197ff800 nmethod 1039 0x0000000002d2f0d0 code [0x0000000002d2f220, 0x0000000002d2f370]
Event: 16.644 Thread 0x00000000197ff800 1041       3       org.lwjgl.opengl.GL11::glClearColor (27 bytes)
Event: 16.645 Thread 0x00000000197ff800 nmethod 1041 0x0000000002d2e210 code [0x0000000002d2e400, 0x0000000002d2eb98]
Event: 16.645 Thread 0x00000000197ff800 1043       3       org.lwjgl.opengl.GL11::glClear (19 bytes)
Event: 16.645 Thread 0x00000000197ff800 nmethod 1043 0x0000000002d2d450 code [0x0000000002d2d640, 0x0000000002d2dd98]
Event: 16.645 Thread 0x00000000197ff800 1040       3       com.badlogic.gdx.backends.lwjgl.LwjglGL20::glClearColor (9 bytes)
Event: 16.646 Thread 0x00000000197ff800 nmethod 1040 0x0000000002d35c90 code [0x0000000002d35e80, 0x0000000002d36698]
Event: 16.646 Thread 0x00000000197ff800 1042       3       com.badlogic.gdx.backends.lwjgl.LwjglGL20::glClear (5 bytes)
Event: 16.647 Thread 0x00000000197ff800 nmethod 1042 0x0000000002d34d10 code [0x0000000002d34f00, 0x0000000002d356d8]

GC Heap History (2 events):
Event: 4.574 GC heap before
{Heap before GC invocations=1 (full 0):
 PSYoungGen      total 37888K, used 32768K [0x00000000d6180000, 0x00000000d8b80000, 0x0000000100000000)
  eden space 32768K, 100% used [0x00000000d6180000,0x00000000d8180000,0x00000000d8180000)
  from space 5120K, 0% used [0x00000000d8680000,0x00000000d8680000,0x00000000d8b80000)
  to   space 5120K, 0% used [0x00000000d8180000,0x00000000d8180000,0x00000000d8680000)
 ParOldGen       total 86016K, used 0K [0x0000000082400000, 0x0000000087800000, 0x00000000d6180000)
  object space 86016K, 0% used [0x0000000082400000,0x0000000082400000,0x0000000087800000)
 Metaspace       used 7597K, capacity 7739K, committed 7936K, reserved 1056768K
  class space    used 691K, capacity 720K, committed 768K, reserved 1048576K
Event: 4.582 GC heap after
Heap after GC invocations=1 (full 0):
 PSYoungGen      total 37888K, used 3794K [0x00000000d6180000, 0x00000000d8b80000, 0x0000000100000000)
  eden space 32768K, 0% used [0x00000000d6180000,0x00000000d6180000,0x00000000d8180000)
  from space 5120K, 74% used [0x00000000d8180000,0x00000000d8534978,0x00000000d8680000)
  to   space 5120K, 0% used [0x00000000d8680000,0x00000000d8680000,0x00000000d8b80000)
 ParOldGen       total 86016K, used 8K [0x0000000082400000, 0x0000000087800000, 0x00000000d6180000)
  object space 86016K, 0% used [0x0000000082400000,0x0000000082402000,0x0000000087800000)
 Metaspace       used 7597K, capacity 7739K, committed 7936K, reserved 1056768K
  class space    used 691K, capacity 720K, committed 768K, reserved 1048576K
}

Deoptimization events (8 events):
Event: 1.245 Thread 0x0000000002806000 Uncommon trap: reason=unstable_if action=reinterpret pc=0x0000000002a4d584 method=java.lang.String.indexOf([CII[CIII)I @ 134
Event: 1.247 Thread 0x0000000002806000 Uncommon trap: reason=unstable_if action=reinterpret pc=0x0000000002a44ae4 method=java.lang.String.indexOf([CII[CIII)I @ 123
Event: 5.029 Thread 0x000000001a9e6800 Uncommon trap: reason=unstable_if action=reinterpret pc=0x0000000002b356dc method=sun.net.www.ParseUtil.encodePath(Ljava/lang/String;Z)Ljava/lang/String; @ 109
Event: 8.658 Thread 0x000000001a9e6800 Uncommon trap: reason=unstable_if action=reinterpret pc=0x0000000002c369b8 method=com.badlogic.gdx.math.Rectangle.overlaps(Lcom/badlogic/gdx/math/Rectangle;)Z @ 65
Event: 12.202 Thread 0x000000001a9e6800 Uncommon trap: reason=unstable_if action=reinterpret pc=0x0000000002ce04e8 method=java.util.ArrayList$Itr.hasNext()Z @ 11
Event: 12.220 Thread 0x000000001a9e6800 Uncommon trap: reason=unstable_if action=reinterpret pc=0x0000000002cd7a34 method=java.util.ArrayList$Itr.hasNext()Z @ 11
Event: 15.852 Thread 0x000000001a9e6800 Uncommon trap: reason=class_check action=maybe_recompile pc=0x0000000002c8d59c method=com.badlogic.gdx.utils.ObjectMap.get(Ljava/lang/Object;)Ljava/lang/Object; @ 1
Event: 15.852 Thread 0x000000001a9e6800 Uncommon trap: reason=class_check action=maybe_recompile pc=0x0000000002c8d59c method=com.badlogic.gdx.utils.ObjectMap.get(Ljava/lang/Object;)Ljava/lang/Object; @ 1

Classes redefined (0 events):
No events

Internal exceptions (10 events):
Event: 1.259 Thread 0x0000000002806000 Exception <a 'java/security/PrivilegedActionException'> (0x00000000d671fcb8) thrown at [D:\src\AOSP-openjdk-cygwin\jdk8u\hotspot\src\share\vm\prims\jvm.cpp, line 1508]
Event: 1.259 Thread 0x0000000002806000 Exception <a 'java/security/PrivilegedActionException'> (0x00000000d671fec8) thrown at [D:\src\AOSP-openjdk-cygwin\jdk8u\hotspot\src\share\vm\prims\jvm.cpp, line 1508]
Event: 1.259 Thread 0x0000000002806000 Exception <a 'java/security/PrivilegedActionException'> (0x00000000d6721400) thrown at [D:\src\AOSP-openjdk-cygwin\jdk8u\hotspot\src\share\vm\prims\jvm.cpp, line 1508]
Event: 1.259 Thread 0x0000000002806000 Exception <a 'java/security/PrivilegedActionException'> (0x00000000d6721610) thrown at [D:\src\AOSP-openjdk-cygwin\jdk8u\hotspot\src\share\vm\prims\jvm.cpp, line 1508]
Event: 2.260 Thread 0x0000000002806000 Exception <a 'java/security/PrivilegedActionException'> (0x00000000d69ff220) thrown at [D:\src\AOSP-openjdk-cygwin\jdk8u\hotspot\src\share\vm\prims\jvm.cpp, line 1508]
Event: 2.260 Thread 0x0000000002806000 Exception <a 'java/security/PrivilegedActionException'> (0x00000000d6a00e78) thrown at [D:\src\AOSP-openjdk-cygwin\jdk8u\hotspot\src\share\vm\prims\jvm.cpp, line 1508]
Event: 2.260 Thread 0x0000000002806000 Exception <a 'java/security/PrivilegedActionException'> (0x00000000d6a01fe8) thrown at [D:\src\AOSP-openjdk-cygwin\jdk8u\hotspot\src\share\vm\prims\jvm.cpp, line 1508]
Event: 2.261 Thread 0x0000000002806000 Exception <a 'java/security/PrivilegedActionException'> (0x00000000d6a07cd8) thrown at [D:\src\AOSP-openjdk-cygwin\jdk8u\hotspot\src\share\vm\prims\jvm.cpp, line 1508]
Event: 2.261 Thread 0x0000000002806000 Exception <a 'java/security/PrivilegedActionException'> (0x00000000d6a08930) thrown at [D:\src\AOSP-openjdk-cygwin\jdk8u\hotspot\src\share\vm\prims\jvm.cpp, line 1508]
Event: 2.261 Thread 0x0000000002806000 Exception <a 'java/security/PrivilegedActionException'> (0x00000000d6a09558) thrown at [D:\src\AOSP-openjdk-cygwin\jdk8u\hotspot\src\share\vm\prims\jvm.cpp, line 1508]

Events (10 events):
Event: 15.849 Executing VM operation: RevokeBias
Event: 15.850 Executing VM operation: RevokeBias done
Event: 15.850 Thread 0x000000001a9e6800 DEOPT PACKING pc=0x0000000002a93614 sp=0x000000001ba9cdc0
Event: 15.850 Thread 0x000000001a9e6800 DEOPT UNPACKING pc=0x00000000029475d0 sp=0x000000001ba9cbe0 mode 1
Event: 15.852 Thread 0x000000001a9e6800 Uncommon trap: trap_request=0xffffffde fr.pc=0x0000000002c8d59c
Event: 15.852 Thread 0x000000001a9e6800 DEOPT PACKING pc=0x0000000002c8d59c sp=0x000000001ba9edf0
Event: 15.852 Thread 0x000000001a9e6800 DEOPT UNPACKING pc=0x000000000294557b sp=0x000000001ba9eda8 mode 2
Event: 15.852 Thread 0x000000001a9e6800 Uncommon trap: trap_request=0xffffffde fr.pc=0x0000000002c8d59c
Event: 15.852 Thread 0x000000001a9e6800 DEOPT PACKING pc=0x0000000002c8d59c sp=0x000000001ba9edf0
Event: 15.852 Thread 0x000000001a9e6800 DEOPT UNPACKING pc=0x000000000294557b sp=0x000000001ba9eda8 mode 2


Dynamic libraries:
0x00007ff690b50000 - 0x00007ff690b81000 	C:\Program Files\Android\Android Studio\jre\bin\java.exe
0x00007ffbb0080000 - 0x00007ffbb0270000 	C:\WINDOWS\SYSTEM32\ntdll.dll
0x00007ffbaeeb0000 - 0x00007ffbaef62000 	C:\WINDOWS\System32\KERNEL32.DLL
0x00007ffbad010000 - 0x00007ffbad2b3000 	C:\WINDOWS\System32\KERNELBASE.dll
0x00007ffbafcc0000 - 0x00007ffbafd63000 	C:\WINDOWS\System32\ADVAPI32.dll
0x00007ffbaf0a0000 - 0x00007ffbaf13e000 	C:\WINDOWS\System32\msvcrt.dll
0x00007ffbae790000 - 0x00007ffbae827000 	C:\WINDOWS\System32\sechost.dll
0x00007ffbae160000 - 0x00007ffbae280000 	C:\WINDOWS\System32\RPCRT4.dll
0x00007ffbaf2f0000 - 0x00007ffbaf484000 	C:\WINDOWS\System32\USER32.dll
0x00007ffbad7b0000 - 0x00007ffbad7d1000 	C:\WINDOWS\System32\win32u.dll
0x00007ffbafec0000 - 0x00007ffbafee6000 	C:\WINDOWS\System32\GDI32.dll
0x00007ffbad5e0000 - 0x00007ffbad774000 	C:\WINDOWS\System32\gdi32full.dll
0x00007ffbad2c0000 - 0x00007ffbad35e000 	C:\WINDOWS\System32\msvcp_win.dll
0x00007ffbad3e0000 - 0x00007ffbad4da000 	C:\WINDOWS\System32\ucrtbase.dll
0x00007ffb93850000 - 0x00007ffb93ad5000 	C:\WINDOWS\WinSxS\amd64_microsoft.windows.common-controls_6595b64144ccf1df_6.0.18362.418_none_e6c6b287130d565d\COMCTL32.dll
0x00007ffbae450000 - 0x00007ffbae786000 	C:\WINDOWS\System32\combase.dll
0x00007ffbadf60000 - 0x00007ffbadfe0000 	C:\WINDOWS\System32\bcryptPrimitives.dll
0x00007ffbae130000 - 0x00007ffbae15e000 	C:\WINDOWS\System32\IMM32.DLL
0x0000000053710000 - 0x00000000537e2000 	C:\Program Files\Android\Android Studio\jre\jre\bin\msvcr100.dll
0x00000000537f0000 - 0x0000000054036000 	C:\Program Files\Android\Android Studio\jre\jre\bin\server\jvm.dll
0x00007ffbafd70000 - 0x00007ffbafd78000 	C:\WINDOWS\System32\PSAPI.DLL
0x00007ffba0510000 - 0x00007ffba0519000 	C:\WINDOWS\SYSTEM32\WSOCK32.dll
0x00007ffbaee40000 - 0x00007ffbaeeaf000 	C:\WINDOWS\System32\WS2_32.dll
0x00007ffba18d0000 - 0x00007ffba18f4000 	C:\WINDOWS\SYSTEM32\WINMM.dll
0x00007ffba4a30000 - 0x00007ffba4a3a000 	C:\WINDOWS\SYSTEM32\VERSION.dll
0x00007ffba18a0000 - 0x00007ffba18cd000 	C:\WINDOWS\SYSTEM32\WINMMBASE.dll
0x00007ffbad4e0000 - 0x00007ffbad52a000 	C:\WINDOWS\System32\cfgmgr32.dll
0x00007ffba9720000 - 0x00007ffba972f000 	C:\Program Files\Android\Android Studio\jre\jre\bin\verify.dll
0x00007ffb948c0000 - 0x00007ffb948e9000 	C:\Program Files\Android\Android Studio\jre\jre\bin\java.dll
0x00007ffba6bc0000 - 0x00007ffba6bf5000 	C:\Program Files\Android\Android Studio\jre\jre\bin\jdwp.dll
0x00007ffba83b0000 - 0x00007ffba83b8000 	C:\Program Files\Android\Android Studio\jre\jre\bin\npt.dll
0x00007ffba6fa0000 - 0x00007ffba6fc3000 	C:\Program Files\Android\Android Studio\jre\jre\bin\instrument.dll
0x00007ffb95860000 - 0x00007ffb95876000 	C:\Program Files\Android\Android Studio\jre\jre\bin\zip.dll
0x00007ffbaf490000 - 0x00007ffbafb75000 	C:\WINDOWS\System32\SHELL32.dll
0x00007ffbafd80000 - 0x00007ffbafe29000 	C:\WINDOWS\System32\shcore.dll
0x00007ffbad7e0000 - 0x00007ffbadf5f000 	C:\WINDOWS\System32\windows.storage.dll
0x00007ffbacff0000 - 0x00007ffbad00f000 	C:\WINDOWS\System32\profapi.dll
0x00007ffbacfa0000 - 0x00007ffbacfea000 	C:\WINDOWS\System32\powrprof.dll
0x00007ffbacf50000 - 0x00007ffbacf60000 	C:\WINDOWS\System32\UMPDC.dll
0x00007ffbaef70000 - 0x00007ffbaefc2000 	C:\WINDOWS\System32\shlwapi.dll
0x00007ffbacf60000 - 0x00007ffbacf71000 	C:\WINDOWS\System32\kernel.appcore.dll
0x00007ffbad3c0000 - 0x00007ffbad3d7000 	C:\WINDOWS\System32\cryptsp.dll
0x00007ffba70c0000 - 0x00007ffba70c9000 	C:\Program Files\Android\Android Studio\jre\jre\bin\dt_socket.dll
0x00007ffbac7c0000 - 0x00007ffbac827000 	C:\WINDOWS\system32\mswsock.dll
0x0000000065ac0000 - 0x0000000065b26000 	C:\Users\jacks\AppData\Local\Temp\libgdxjacks\689f6d6a\gdx64.dll
0x00007ffbac330000 - 0x00007ffbac363000 	C:\WINDOWS\system32\rsaenh.dll
0x00007ffbad780000 - 0x00007ffbad7a6000 	C:\WINDOWS\System32\bcrypt.dll
0x00007ffbace70000 - 0x00007ffbace95000 	C:\WINDOWS\SYSTEM32\USERENV.dll
0x00007ffbac990000 - 0x00007ffbac99c000 	C:\WINDOWS\SYSTEM32\CRYPTBASE.dll
0x00007ffb8e120000 - 0x00007ffb8e13a000 	C:\Program Files\Android\Android Studio\jre\jre\bin\net.dll
0x00007ffbac4d0000 - 0x00007ffbac50a000 	C:\WINDOWS\SYSTEM32\IPHLPAPI.DLL
0x00007ffbafe30000 - 0x00007ffbafe38000 	C:\WINDOWS\System32\NSI.dll
0x00007ffba73d0000 - 0x00007ffba73e6000 	C:\WINDOWS\SYSTEM32\dhcpcsvc6.DLL
0x00007ffba7780000 - 0x00007ffba779c000 	C:\WINDOWS\SYSTEM32\dhcpcsvc.DLL
0x00007ffbac510000 - 0x00007ffbac5da000 	C:\WINDOWS\SYSTEM32\DNSAPI.dll
0x00007ffb8e100000 - 0x00007ffb8e111000 	C:\Program Files\Android\Android Studio\jre\jre\bin\nio.dll
0x0000000180000000 - 0x0000000180053000 	C:\Users\jacks\AppData\Local\Temp\libgdxjacks\dc0f0009\lwjgl64.dll
0x00007ffb946f0000 - 0x00007ffb94846000 	C:\WINDOWS\SYSTEM32\OPENGL32.dll
0x00007ffba7650000 - 0x00007ffba767c000 	C:\WINDOWS\SYSTEM32\GLU32.dll
0x00007ffbabbc0000 - 0x00007ffbabbe0000 	C:\WINDOWS\SYSTEM32\dxcore.dll
0x000000001b470000 - 0x000000001b4d4000 	C:\Users\jacks\AppData\Local\Temp\libgdxjacks\dc0f0009\OpenAL64.dll
0x00007ffbae2f0000 - 0x00007ffbae446000 	C:\WINDOWS\System32\ole32.dll
0x00007ffbaaed0000 - 0x00007ffbaaf69000 	C:\WINDOWS\system32\uxtheme.dll
0x00007ffbafc10000 - 0x00007ffbafcb2000 	C:\WINDOWS\System32\clbcatq.dll
0x00007ffba5810000 - 0x00007ffba58a9000 	C:\WINDOWS\SYSTEM32\dsound.dll
0x00007ffba4c90000 - 0x00007ffba4d02000 	C:\WINDOWS\System32\MMDevApi.dll
0x00007ffbacd50000 - 0x00007ffbacd7a000 	C:\WINDOWS\System32\DEVOBJ.dll
0x00007ffba3c40000 - 0x00007ffba3d9d000 	C:\WINDOWS\SYSTEM32\AUDIOSES.DLL
0x00007ffbafef0000 - 0x00007ffbaffb4000 	C:\WINDOWS\System32\OLEAUT32.dll
0x00007ffba87a0000 - 0x00007ffba88f3000 	C:\WINDOWS\SYSTEM32\wintypes.dll
0x00007ffbab1f0000 - 0x00007ffbab204000 	C:\WINDOWS\SYSTEM32\resourcepolicyclient.dll
0x00007ffba8a80000 - 0x00007ffba8b2e000 	C:\WINDOWS\SYSTEM32\mscms.dll
0x00007ffba8c00000 - 0x00007ffba8c17000 	C:\WINDOWS\SYSTEM32\ColorAdapterClient.dll
0x00007ffb8e570000 - 0x00007ffb8e58a000 	C:\Windows\System32\Windows.Internal.Graphics.Display.DisplayColorManagement.dll
0x00007ffbaeca0000 - 0x00007ffbaedd6000 	C:\WINDOWS\System32\MSCTF.dll
0x00007ffb54260000 - 0x00007ffb550fd000 	C:\WINDOWS\System32\DriverStore\FileRepository\igdlh64.inf_amd64_6317832c7300b942\ig9icd64.dll
0x00007ffbabc50000 - 0x00007ffbabd3b000 	C:\WINDOWS\SYSTEM32\dxgi.dll
0x00007ffbab2f0000 - 0x00007ffbab31d000 	C:\WINDOWS\SYSTEM32\dwmapi.dll
0x00007ffbaba70000 - 0x00007ffbaba83000 	C:\WINDOWS\SYSTEM32\WTSAPI32.dll
0x00007ffb8eb60000 - 0x00007ffb8ebfe000 	C:\WINDOWS\System32\TextInputFramework.dll
0x00007ffb8fa20000 - 0x00007ffb8fd4a000 	C:\WINDOWS\System32\CoreUIComponents.dll
0x00007ffbaaae0000 - 0x00007ffbaabb4000 	C:\WINDOWS\System32\CoreMessaging.dll
0x00007ffbabfb0000 - 0x00007ffbabfe1000 	C:\WINDOWS\SYSTEM32\ntmarta.dll
0x00007ffb9f500000 - 0x00007ffb9f7a6000 	C:\WINDOWS\System32\iertutil.dll
0x00007ffba69b0000 - 0x00007ffba69f3000 	C:\WINDOWS\SYSTEM32\icm32.dll
0x00007ffb8a100000 - 0x00007ffb8b730000 	C:\WINDOWS\System32\DriverStore\FileRepository\igdlh64.inf_amd64_6317832c7300b942\igc64.dll
0x00007ffbab870000 - 0x00007ffbaba64000 	C:\WINDOWS\SYSTEM32\dbghelp.dll

VM Arguments:
jvm_args: -agentlib:jdwp=transport=dt_socket,address=127.0.0.1:63967,suspend=y,server=n -javaagent:C:\Users\jacks\.AndroidStudio3.5\system\groovyHotSwap\gragent.jar -javaagent:C:\Users\jacks\.AndroidStudio3.5\system\captureAgent\debugger-agent.jar -Dfile.encoding=UTF-8 
java_command: com.philosfight.game.desktop.DesktopLauncher
java_class_path (initial): C:\Program Files\Android\Android Studio\jre\jre\lib\charsets.jar;C:\Program Files\Android\Android Studio\jre\jre\lib\ext\access-bridge-64.jar;C:\Program Files\Android\Android Studio\jre\jre\lib\ext\cldrdata.jar;C:\Program Files\Android\Android Studio\jre\jre\lib\ext\dnsns.jar;C:\Program Files\Android\Android Studio\jre\jre\lib\ext\jaccess.jar;C:\Program Files\Android\Android Studio\jre\jre\lib\ext\localedata.jar;C:\Program Files\Android\Android Studio\jre\jre\lib\ext\nashorn.jar;C:\Program Files\Android\Android Studio\jre\jre\lib\ext\sunec.jar;C:\Program Files\Android\Android Studio\jre\jre\lib\ext\sunjce_provider.jar;C:\Program Files\Android\Android Studio\jre\jre\lib\ext\sunmscapi.jar;C:\Program Files\Android\Android Studio\jre\jre\lib\ext\sunpkcs11.jar;C:\Program Files\Android\Android Studio\jre\jre\lib\ext\zipfs.jar;C:\Program Files\Android\Android Studio\jre\jre\lib\jce.jar;C:\Program Files\Android\Android Studio\jre\jre\lib\jsse.jar;C:\Program Files\Android\Android Studio\jre\jre\lib\management-agent.jar;C:\Program Files\Android\Android Studio\jre\jre\lib\resources.jar;C:\Program Files\Android\Android Studio\jre\jre\lib\rt.jar;C:\Users\jacks\OneDrive\Desktop\Programmazione ad Oggetti\Progetto OOP\Philosofight\desktop\build\classes\java\main;C:\Users\jacks\OneDrive\Desktop\Programmazione ad Oggetti\Progetto OOP\Philosofight\core\build\classes\java\main;C:\Users\jacks\.gradle\caches\modules-2\files-2.1\com.badlogicgames.box2dlights\box2dlights\1.4\3d77ad5b4164fb32fc67e2446e35911bb0aaf0bd\box2dlights-1.4.jar;C:\Users\jacks\.gradle\caches\modules-2\files-2.1\com.badlogicgames.gdx\gdx-box2d\1.9.9\e9a43c50fbe4f1e26dd0af5d2e78d125549e7f6b\gdx-box2d-1.9.9.jar;C:\Users\jacks\.gradle\caches\modules-2\files-2.1\com.badlogicgames.gdx\gdx-bullet\1.9.9\2d9d401dd81a607a52ba93d0c3ec2b09967fa9d7\gdx-bullet-1.9.9.jar;C:\Users\jacks\.gradle\caches\modules-2\files-2.1\com.badlogicgames.gdx\gdx\1.9.9\bf26f2f816b3cfe37ac6e66615391c30714b7030\gdx-1.9.9.j
Launcher Type: SUN_STANDARD

Environment Variables:
PATH=C:\Program Files (x86)\NVIDIA Corporation\PhysX\Common;C:\Program Files (x86)\Common Files\Oracle\Java\javapath;C:\Program Files (x86)\Intel\Intel(R) Management Engine Components\iCLS\;C:\Program Files\Intel\Intel(R) Management Engine Components\iCLS\;C:\WINDOWS\system32;C:\WINDOWS;C:\WINDOWS\System32\Wbem;C:\WINDOWS\System32\WindowsPowerShell\v1.0\;C:\WINDOWS\System32\OpenSSH\;C:\Program Files (x86)\Intel\Intel(R) Management Engine Components\DAL;C:\Program Files\Intel\Intel(R) Management Engine Components\DAL;C:\Program Files (x86)\Intel\Intel(R) Management Engine Components\IPT;C:\Program Files\Intel\Intel(R) Management Engine Components\IPT;C:\Program Files\Microsoft SQL Server\130\Tools\Binn\;C:\Program Files\Git\cmd;C:\Program Files\Microsoft SQL Server\Client SDK\ODBC\110\Tools\Binn\;C:\Program Files (x86)\Microsoft SQL Server\120\Tools\Binn\;C:\Program Files\Microsoft SQL Server\120\Tools\Binn\;C:\Program Files\Microsoft SQL Server\120\DTS\Binn\;C:\Program Files (x86)\Microsoft SQL Server\120\Tools\Binn\ManagementStudio\;C:\Program Files (x86)\Microsoft SQL Server\120\DTS\Binn\;C:\Program Files (x86)\Windows Kits\8.1\Windows Performance Toolkit\;C:\Program Files\Intel\WiFi\bin\;C:\Program Files\Common Files\Intel\WirelessCommon\;C:\Users\jacks\AppData\Local\Microsoft\WindowsApps;C:\Users\jacks\AppData\Local\GitHubDesktop\bin;%USERPROFILE%\AppData\Local\Microsoft\WindowsApps;
USERNAME=jacks
OS=Windows_NT
PROCESSOR_IDENTIFIER=Intel64 Family 6 Model 142 Stepping 10, GenuineIntel



---------------  S Y S T E M  ---------------

OS: Windows 10.0 , 64 bit Build 18362 (10.0.18362.329)

CPU:total 8 (initial active 8) (4 cores per cpu, 2 threads per core) family 6 model 142 stepping 10, cmov, cx8, fxsr, mmx, sse, sse2, sse3, ssse3, sse4.1, sse4.2, popcnt, avx, avx2, aes, clmul, erms, 3dnowpref, lzcnt, ht, tsc, tscinvbit, bmi1, bmi2, adx

Memory: 4k page, physical 8238332k(1300596k free), swap 10692376k(1163656k free)

vm_info: OpenJDK 64-Bit Server VM (25.202-b03) for windows-amd64 JRE (1.8.0_202-release-1483-b03), built by "builder" with MS VC++ 10.0 (VS2010)

time: Wed Nov 06 20:35:50 2019
timezone: ora solare Europa occidentale
elapsed time: 18 seconds (0d 0h 0m 18s)

