#
# A fatal error has been detected by the Java Runtime Environment:
#
#  EXCEPTION_ACCESS_VIOLATION (0xc0000005) at pc=0x00007ffbb00bd17e, pid=860, tid=0x0000000000001bc4
#
# JRE version: OpenJDK Runtime Environment (8.0_202-b03) (build 1.8.0_202-release-1483-b03)
# Java VM: OpenJDK 64-Bit Server VM (25.202-b03 mixed mode windows-amd64 compressed oops)
# Problematic frame:
# C  [ntdll.dll+0x3d17e]
#
# Failed to write core dump. Minidumps are not enabled by default on client versions of Windows
#
# If you would like to submit a bug report, please visit:
#   http://bugreport.java.com/bugreport/crash.jsp
# The crash happened outside the Java Virtual Machine in native code.
# See problematic frame for where to report the bug.
#

---------------  T H R E A D  ---------------

Current thread (0x000000001b028800):  JavaThread "LWJGL Application" [_thread_in_native, id=7108, stack(0x000000001c050000,0x000000001c150000)]

siginfo: ExceptionCode=0xc0000005, reading address 0xffffffffffffffff

Registers:
RAX=0x00000000003a0048, RBX=0x0000000001290000, RCX=0x0000000000004872, RDX=0x0000000000000048
RSP=0x000000001c14e8e0, RBP=0x000000001c14eb69, RSI=0x000000001b6938b0, RDI=0x000000003a004872
R8 =0x000000001b6938a0, R9 =0x0000000000013890, R10=0x00007ffbb01a1170, R11=0x00000000539f4980
R12=0x3f0f0000feffffff, R13=0x0000000000001389, R14=0x4425000042200000, R15=0x000000001b6938a0
RIP=0x00007ffbb00bd17e, EFLAGS=0x0000000000010212

Top of Stack: (sp=0x000000001c14e8e0)
0x000000001c14e8e0:   0000000017ac1590 000000001b028800
0x000000001c14e8f0:   000000001c14e9b0 000000005388926c
0x000000001c14e900:   000000001c14ef80 000000001c14e9b0
0x000000001c14e910:   0000000117b3fc01 0000000000000000
0x000000001c14e920:   00000000ffffffff 0000000000000000
0x000000001c14e930:   0000000000000001 0000000000001389
0x000000001c14e940:   0000000017ac1590 000000001b028800
0x000000001c14e950:   000000001b098860 0000000001290150
0x000000001c14e960:   000000001b6938a0 000000005388bba4
0x000000001c14e970:   000000001c14e9b0 000000001c14ea20
0x000000001c14e980:   0000000000000000 00000000000003ff
0x000000001c14e990:   000000001ae795b0 000000001ae795b0
0x000000001c14e9a0:   000000001ae795b8 000000001b028800
0x000000001c14e9b0:   000000001b028800 0000000053888df0
0x000000001c14e9c0:   00000000178826f0 000000001b028800
0x000000001c14e9d0:   00000001000b2170 0000000080000001 

Instructions: (pc=0x00007ffbb00bd17e)
0x00007ffbb00bd15e:   0f b7 4f 08 0f b7 d1 66 c1 ea 08 4c 8b 6c 24 58
0x00007ffbb00bd16e:   49 3b cd 0f 82 9f 13 00 00 4c 8b 36 4d 8b 67 18
0x00007ffbb00bd17e:   49 8b 04 24 4d 8b 4e 08 49 3b c1 0f 85 64 13 00
0x00007ffbb00bd18e:   00 48 3b c6 0f 85 5b 13 00 00 48 29 8b c0 00 00 


Register to memory mapping:

RAX=0x00000000003a0048 is an unknown value
RBX=0x0000000001290000 is an unknown value
RCX=0x0000000000004872 is an unknown value
RDX=0x0000000000000048 is an unknown value
RSP=0x000000001c14e8e0 is pointing into the stack for thread: 0x000000001b028800
RBP=0x000000001c14eb69 is pointing into the stack for thread: 0x000000001b028800
RSI=0x000000001b6938b0 is an unknown value
RDI=0x000000003a004872 is an unknown value
R8 =0x000000001b6938a0 is an unknown value
R9 =0x0000000000013890 is an unknown value
R10=0x00007ffbb01a1170 is an unknown value
R11=0x00000000539f4980 is an unknown value
R12=0x3f0f0000feffffff is an unknown value
R13=0x0000000000001389 is an unknown value
R14=0x4425000042200000 is an unknown value
R15=0x000000001b6938a0 is an unknown value


Stack: [0x000000001c050000,0x000000001c150000],  sp=0x000000001c14e8e0,  free space=1018k
Native frames: (J=compiled Java code, j=interpreted, Vv=VM code, C=native code)
C  [ntdll.dll+0x3d17e]
C  [ntdll.dll+0x3babb]
C  [msvcrt.dll+0x19da0]
C  [gdx64.dll+0x3984]
C  0x0000000002f51b30

Java frames: (J=compiled Java code, j=interpreted, Vv=VM code)
j  com.badlogic.gdx.utils.BufferUtils.newDisposableByteBuffer(I)Ljava/nio/ByteBuffer;+0
j  com.badlogic.gdx.utils.BufferUtils.newUnsafeByteBuffer(I)Ljava/nio/ByteBuffer;+1
j  com.badlogic.gdx.graphics.glutils.VertexArray.<init>(ILcom/badlogic/gdx/graphics/VertexAttributes;)V+24
j  com.badlogic.gdx.graphics.Mesh.<init>(Lcom/badlogic/gdx/graphics/Mesh$VertexDataType;ZIILcom/badlogic/gdx/graphics/VertexAttributes;)V+179
j  com.badlogic.gdx.graphics.Mesh.<init>(Lcom/badlogic/gdx/graphics/Mesh$VertexDataType;ZII[Lcom/badlogic/gdx/graphics/VertexAttribute;)V+15
j  com.badlogic.gdx.graphics.g2d.SpriteBatch.<init>(ILcom/badlogic/gdx/graphics/glutils/ShaderProgram;)V+248
j  com.badlogic.gdx.graphics.g2d.SpriteBatch.<init>()V+5
j  com.philosfight.game.Menu.MenuRenderer.init()V+5
j  com.philosfight.game.Menu.MenuRenderer.<init>()V+11
j  com.philosfight.game.ScreenClasses.MenuScreen.show()V+5
j  com.badlogic.gdx.Game.setScreen(Lcom/badlogic/gdx/Screen;)V+32
j  com.philosfight.game.gameStuff.WorldController.backToMenu()V+15
j  com.philosfight.game.gameStuff.WorldController.keyUp(I)Z+7
J 1019 C1 com.badlogic.gdx.backends.lwjgl.LwjglInput.processEvents()V (478 bytes) @ 0x0000000003344d24 [0x0000000003344740+0x5e4]
j  com.badlogic.gdx.backends.lwjgl.LwjglApplication.mainLoop()V+600
j  com.badlogic.gdx.backends.lwjgl.LwjglApplication$1.run()V+27
v  ~StubRoutines::call_stub

---------------  P R O C E S S  ---------------

Java Threads: ( => current thread )
  0x000000001b0ab000 JavaThread "LWJGL Timer" daemon [_thread_blocked, id=20088, stack(0x0000000027090000,0x0000000027190000)]
  0x000000001b1b9800 JavaThread "AsynchExecutor-Thread" daemon [_thread_blocked, id=19344, stack(0x0000000025fc0000,0x00000000260c0000)]
  0x000000001b0bb000 JavaThread "AsynchExecutor-Thread" daemon [_thread_blocked, id=13744, stack(0x00000000259c0000,0x0000000025ac0000)]
  0x0000000002e36000 JavaThread "DestroyJavaVM" [_thread_blocked, id=22936, stack(0x0000000002bf0000,0x0000000002cf0000)]
=>0x000000001b028800 JavaThread "LWJGL Application" [_thread_in_native, id=7108, stack(0x000000001c050000,0x000000001c150000)]
  0x0000000019e84000 JavaThread "Service Thread" daemon [_thread_blocked, id=21456, stack(0x000000001ac60000,0x000000001ad60000)]
  0x0000000019e20800 JavaThread "C1 CompilerThread3" daemon [_thread_blocked, id=24040, stack(0x000000001ab60000,0x000000001ac60000)]
  0x0000000019e20000 JavaThread "C2 CompilerThread2" daemon [_thread_blocked, id=18624, stack(0x000000001aa60000,0x000000001ab60000)]
  0x0000000019e1f000 JavaThread "C2 CompilerThread1" daemon [_thread_blocked, id=19872, stack(0x000000001a960000,0x000000001aa60000)]
  0x0000000019dfa800 JavaThread "C2 CompilerThread0" daemon [_thread_blocked, id=21420, stack(0x000000001a860000,0x000000001a960000)]
  0x0000000019c9d000 JavaThread "JDWP Command Reader" daemon [_thread_in_native, id=22692, stack(0x000000001a760000,0x000000001a860000)]
  0x0000000019c92000 JavaThread "JDWP Event Helper Thread" daemon [_thread_blocked, id=10584, stack(0x000000001a660000,0x000000001a760000)]
  0x0000000017e4b000 JavaThread "JDWP Transport Listener: dt_socket" daemon [_thread_blocked, id=8604, stack(0x000000001a560000,0x000000001a660000)]
  0x0000000019c7b800 JavaThread "Attach Listener" daemon [_thread_blocked, id=25296, stack(0x000000001a460000,0x000000001a560000)]
  0x0000000019c78000 JavaThread "Signal Dispatcher" daemon [_thread_blocked, id=5540, stack(0x000000001a360000,0x000000001a460000)]
  0x0000000019c61800 JavaThread "Finalizer" daemon [_thread_blocked, id=8168, stack(0x000000001a140000,0x000000001a240000)]
  0x0000000019c60800 JavaThread "Reference Handler" daemon [_thread_blocked, id=16188, stack(0x000000001a040000,0x000000001a140000)]

Other Threads:
  0x0000000017e37000 VMThread [stack: 0x0000000019b40000,0x0000000019c40000] [id=15680]
  0x0000000019e87800 WatcherThread [stack: 0x000000001ad60000,0x000000001ae60000] [id=13148]

VM state:not at safepoint (normal execution)

VM Mutex/Monitor currently owned by a thread: None

heap address: 0x0000000082400000, size: 2012 MB, Compressed Oops mode: 32-bit
Narrow klass base: 0x0000000000000000, Narrow klass shift: 3
Compressed class space size: 1073741824 Address: 0x0000000100000000

Heap:
 PSYoungGen      total 37888K, used 27960K [0x00000000d6180000, 0x00000000d8b80000, 0x0000000100000000)
  eden space 32768K, 73% used [0x00000000d6180000,0x00000000d7901920,0x00000000d8180000)
  from space 5120K, 75% used [0x00000000d8180000,0x00000000d854c9d0,0x00000000d8680000)
  to   space 5120K, 0% used [0x00000000d8680000,0x00000000d8680000,0x00000000d8b80000)
 ParOldGen       total 86016K, used 8K [0x0000000082400000, 0x0000000087800000, 0x00000000d6180000)
  object space 86016K, 0% used [0x0000000082400000,0x0000000082402000,0x0000000087800000)
 Metaspace       used 8131K, capacity 8231K, committed 8448K, reserved 1056768K
  class space    used 717K, capacity 754K, committed 768K, reserved 1048576K

Card table byte_map: [0x00000000122f0000,0x00000000126e0000] byte_map_base: 0x0000000011ede000

Marking Bits: (ParMarkBitMap*) 0x0000000053fb9f30
 Begin Bits: [0x0000000013180000, 0x00000000150f0000)
 End Bits:   [0x00000000150f0000, 0x0000000017060000)

Polling page: 0x0000000002a80000

CodeCache: size=245760Kb used=4208Kb max_used=4208Kb free=241551Kb
 bounds [0x0000000002f30000, 0x0000000003360000, 0x0000000011f30000]
 total_blobs=1484 nmethods=1023 adapters=383
 compilation: enabled

Compilation events (10 events):
Event: 10.781 Thread 0x0000000019e20800 1018   !   3       com.badlogic.gdx.backends.lwjgl.LwjglGraphics::shouldRender (44 bytes)
Event: 10.782 Thread 0x0000000019e20800 nmethod 1018 0x000000000334d610 code [0x000000000334d780, 0x000000000334db88]
Event: 10.782 Thread 0x0000000019e20800 1020       3       com.badlogic.gdx.backends.lwjgl.audio.OpenALAudio::update (43 bytes)
Event: 10.783 Thread 0x0000000019e20800 nmethod 1020 0x000000000334dc90 code [0x000000000334de20, 0x000000000334e248]
Event: 10.950 Thread 0x0000000019e20800 1021       1       java.lang.ThreadLocal::getMap (5 bytes)
Event: 10.950 Thread 0x0000000019e20800 nmethod 1021 0x0000000003313d50 code [0x0000000003313ea0, 0x0000000003313fb0]
Event: 11.398 Thread 0x0000000019e20800 1023       3       org.lwjgl.opengl.GL11::glClear (19 bytes)
Event: 11.399 Thread 0x0000000019e20800 nmethod 1023 0x000000000334e410 code [0x000000000334e600, 0x000000000334ed58]
Event: 11.399 Thread 0x0000000019e20800 1022       3       com.badlogic.gdx.backends.lwjgl.LwjglGL20::glClear (5 bytes)
Event: 11.400 Thread 0x0000000019e20800 nmethod 1022 0x000000000334f1d0 code [0x000000000334f3c0, 0x000000000334fb98]

GC Heap History (2 events):
Event: 1.945 GC heap before
{Heap before GC invocations=1 (full 0):
 PSYoungGen      total 37888K, used 32768K [0x00000000d6180000, 0x00000000d8b80000, 0x0000000100000000)
  eden space 32768K, 100% used [0x00000000d6180000,0x00000000d8180000,0x00000000d8180000)
  from space 5120K, 0% used [0x00000000d8680000,0x00000000d8680000,0x00000000d8b80000)
  to   space 5120K, 0% used [0x00000000d8180000,0x00000000d8180000,0x00000000d8680000)
 ParOldGen       total 86016K, used 0K [0x0000000082400000, 0x0000000087800000, 0x00000000d6180000)
  object space 86016K, 0% used [0x0000000082400000,0x0000000082400000,0x0000000087800000)
 Metaspace       used 7593K, capacity 7739K, committed 7936K, reserved 1056768K
  class space    used 691K, capacity 720K, committed 768K, reserved 1048576K
Event: 1.950 GC heap after
Heap after GC invocations=1 (full 0):
 PSYoungGen      total 37888K, used 3890K [0x00000000d6180000, 0x00000000d8b80000, 0x0000000100000000)
  eden space 32768K, 0% used [0x00000000d6180000,0x00000000d6180000,0x00000000d8180000)
  from space 5120K, 75% used [0x00000000d8180000,0x00000000d854c9d0,0x00000000d8680000)
  to   space 5120K, 0% used [0x00000000d8680000,0x00000000d8680000,0x00000000d8b80000)
 ParOldGen       total 86016K, used 8K [0x0000000082400000, 0x0000000087800000, 0x00000000d6180000)
  object space 86016K, 0% used [0x0000000082400000,0x0000000082402000,0x0000000087800000)
 Metaspace       used 7593K, capacity 7739K, committed 7936K, reserved 1056768K
  class space    used 691K, capacity 720K, committed 768K, reserved 1048576K
}

Deoptimization events (3 events):
Event: 0.520 Thread 0x0000000002e36000 Uncommon trap: reason=unstable_if action=reinterpret pc=0x0000000003082c04 method=java.lang.String.indexOf([CII[CIII)I @ 134
Event: 2.597 Thread 0x000000001b028800 Uncommon trap: reason=unstable_if action=reinterpret pc=0x000000000316535c method=sun.net.www.ParseUtil.encodePath(Ljava/lang/String;Z)Ljava/lang/String; @ 109
Event: 4.425 Thread 0x000000001b028800 Uncommon trap: reason=unstable_if action=reinterpret pc=0x0000000003280038 method=com.badlogic.gdx.math.Rectangle.overlaps(Lcom/badlogic/gdx/math/Rectangle;)Z @ 65

Classes redefined (0 events):
No events

Internal exceptions (10 events):
Event: 0.518 Thread 0x0000000002e36000 Exception <a 'java/security/PrivilegedActionException'> (0x00000000d671fcb8) thrown at [D:\src\AOSP-openjdk-cygwin\jdk8u\hotspot\src\share\vm\prims\jvm.cpp, line 1508]
Event: 0.518 Thread 0x0000000002e36000 Exception <a 'java/security/PrivilegedActionException'> (0x00000000d671fec8) thrown at [D:\src\AOSP-openjdk-cygwin\jdk8u\hotspot\src\share\vm\prims\jvm.cpp, line 1508]
Event: 0.518 Thread 0x0000000002e36000 Exception <a 'java/security/PrivilegedActionException'> (0x00000000d6721400) thrown at [D:\src\AOSP-openjdk-cygwin\jdk8u\hotspot\src\share\vm\prims\jvm.cpp, line 1508]
Event: 0.518 Thread 0x0000000002e36000 Exception <a 'java/security/PrivilegedActionException'> (0x00000000d6721610) thrown at [D:\src\AOSP-openjdk-cygwin\jdk8u\hotspot\src\share\vm\prims\jvm.cpp, line 1508]
Event: 0.935 Thread 0x0000000002e36000 Exception <a 'java/security/PrivilegedActionException'> (0x00000000d69fdb30) thrown at [D:\src\AOSP-openjdk-cygwin\jdk8u\hotspot\src\share\vm\prims\jvm.cpp, line 1508]
Event: 0.935 Thread 0x0000000002e36000 Exception <a 'java/security/PrivilegedActionException'> (0x00000000d69ff788) thrown at [D:\src\AOSP-openjdk-cygwin\jdk8u\hotspot\src\share\vm\prims\jvm.cpp, line 1508]
Event: 0.935 Thread 0x0000000002e36000 Exception <a 'java/security/PrivilegedActionException'> (0x00000000d6a008f8) thrown at [D:\src\AOSP-openjdk-cygwin\jdk8u\hotspot\src\share\vm\prims\jvm.cpp, line 1508]
Event: 0.935 Thread 0x0000000002e36000 Exception <a 'java/security/PrivilegedActionException'> (0x00000000d6a065e8) thrown at [D:\src\AOSP-openjdk-cygwin\jdk8u\hotspot\src\share\vm\prims\jvm.cpp, line 1508]
Event: 0.935 Thread 0x0000000002e36000 Exception <a 'java/security/PrivilegedActionException'> (0x00000000d6a07240) thrown at [D:\src\AOSP-openjdk-cygwin\jdk8u\hotspot\src\share\vm\prims\jvm.cpp, line 1508]
Event: 0.935 Thread 0x0000000002e36000 Exception <a 'java/security/PrivilegedActionException'> (0x00000000d6a07e68) thrown at [D:\src\AOSP-openjdk-cygwin\jdk8u\hotspot\src\share\vm\prims\jvm.cpp, line 1508]

Events (10 events):
Event: 10.801 Thread 0x000000001b028800 DEOPT PACKING pc=0x00000000030f4741 sp=0x000000001c14cb20
Event: 10.801 Thread 0x000000001b028800 DEOPT UNPACKING pc=0x0000000002f775d0 sp=0x000000001c14c870 mode 1
Event: 10.801 Executing VM operation: RevokeBias
Event: 10.802 Executing VM operation: RevokeBias done
Event: 10.802 Thread 0x000000001b028800 DEOPT PACKING pc=0x00000000030bab3c sp=0x000000001c14cba0
Event: 10.802 Thread 0x000000001b028800 DEOPT UNPACKING pc=0x0000000002f775d0 sp=0x000000001c14c9c0 mode 1
Event: 10.802 Executing VM operation: RevokeBias
Event: 10.802 Executing VM operation: RevokeBias done
Event: 10.802 Thread 0x000000001b028800 DEOPT PACKING pc=0x00000000030ba8d4 sp=0x000000001c14cd30
Event: 10.802 Thread 0x000000001b028800 DEOPT UNPACKING pc=0x0000000002f775d0 sp=0x000000001c14cb50 mode 1


Dynamic libraries:
0x00007ff6feeb0000 - 0x00007ff6feee1000 	C:\Program Files\Android\Android Studio\jre\bin\java.exe
0x00007ffbb0080000 - 0x00007ffbb0270000 	C:\WINDOWS\SYSTEM32\ntdll.dll
0x00007ffbaeeb0000 - 0x00007ffbaef62000 	C:\WINDOWS\System32\KERNEL32.DLL
0x00007ffbad010000 - 0x00007ffbad2b3000 	C:\WINDOWS\System32\KERNELBASE.dll
0x00007ffbafcc0000 - 0x00007ffbafd63000 	C:\WINDOWS\System32\ADVAPI32.dll
0x00007ffbaf0a0000 - 0x00007ffbaf13e000 	C:\WINDOWS\System32\msvcrt.dll
0x00007ffbae790000 - 0x00007ffbae827000 	C:\WINDOWS\System32\sechost.dll
0x00007ffbae160000 - 0x00007ffbae280000 	C:\WINDOWS\System32\RPCRT4.dll
0x00007ffbaf2f0000 - 0x00007ffbaf484000 	C:\WINDOWS\System32\USER32.dll
0x00007ffbad7b0000 - 0x00007ffbad7d1000 	C:\WINDOWS\System32\win32u.dll
0x00007ffbafec0000 - 0x00007ffbafee6000 	C:\WINDOWS\System32\GDI32.dll
0x00007ffbad5e0000 - 0x00007ffbad774000 	C:\WINDOWS\System32\gdi32full.dll
0x00007ffbad2c0000 - 0x00007ffbad35e000 	C:\WINDOWS\System32\msvcp_win.dll
0x00007ffbad3e0000 - 0x00007ffbad4da000 	C:\WINDOWS\System32\ucrtbase.dll
0x00007ffb93850000 - 0x00007ffb93ad5000 	C:\WINDOWS\WinSxS\amd64_microsoft.windows.common-controls_6595b64144ccf1df_6.0.18362.418_none_e6c6b287130d565d\COMCTL32.dll
0x00007ffbae450000 - 0x00007ffbae786000 	C:\WINDOWS\System32\combase.dll
0x00007ffbadf60000 - 0x00007ffbadfe0000 	C:\WINDOWS\System32\bcryptPrimitives.dll
0x00007ffbae130000 - 0x00007ffbae15e000 	C:\WINDOWS\System32\IMM32.DLL
0x0000000053710000 - 0x00000000537e2000 	C:\Program Files\Android\Android Studio\jre\jre\bin\msvcr100.dll
0x00000000537f0000 - 0x0000000054036000 	C:\Program Files\Android\Android Studio\jre\jre\bin\server\jvm.dll
0x00007ffbafd70000 - 0x00007ffbafd78000 	C:\WINDOWS\System32\PSAPI.DLL
0x00007ffba0510000 - 0x00007ffba0519000 	C:\WINDOWS\SYSTEM32\WSOCK32.dll
0x00007ffba18d0000 - 0x00007ffba18f4000 	C:\WINDOWS\SYSTEM32\WINMM.dll
0x00007ffbaee40000 - 0x00007ffbaeeaf000 	C:\WINDOWS\System32\WS2_32.dll
0x00007ffba4a30000 - 0x00007ffba4a3a000 	C:\WINDOWS\SYSTEM32\VERSION.dll
0x00007ffba18a0000 - 0x00007ffba18cd000 	C:\WINDOWS\SYSTEM32\winmmbase.dll
0x00007ffbad4e0000 - 0x00007ffbad52a000 	C:\WINDOWS\System32\cfgmgr32.dll
0x00007ffba9710000 - 0x00007ffba971f000 	C:\Program Files\Android\Android Studio\jre\jre\bin\verify.dll
0x00007ffb95850000 - 0x00007ffb95879000 	C:\Program Files\Android\Android Studio\jre\jre\bin\java.dll
0x00007ffb94580000 - 0x00007ffb945b5000 	C:\Program Files\Android\Android Studio\jre\jre\bin\jdwp.dll
0x00007ffba8610000 - 0x00007ffba8618000 	C:\Program Files\Android\Android Studio\jre\jre\bin\npt.dll
0x00007ffba6d10000 - 0x00007ffba6d33000 	C:\Program Files\Android\Android Studio\jre\jre\bin\instrument.dll
0x00007ffba4af0000 - 0x00007ffba4b06000 	C:\Program Files\Android\Android Studio\jre\jre\bin\zip.dll
0x00007ffbaf490000 - 0x00007ffbafb75000 	C:\WINDOWS\System32\SHELL32.dll
0x00007ffbafd80000 - 0x00007ffbafe29000 	C:\WINDOWS\System32\shcore.dll
0x00007ffbad7e0000 - 0x00007ffbadf5f000 	C:\WINDOWS\System32\windows.storage.dll
0x00007ffbacff0000 - 0x00007ffbad00f000 	C:\WINDOWS\System32\profapi.dll
0x00007ffbacfa0000 - 0x00007ffbacfea000 	C:\WINDOWS\System32\powrprof.dll
0x00007ffbacf50000 - 0x00007ffbacf60000 	C:\WINDOWS\System32\UMPDC.dll
0x00007ffbaef70000 - 0x00007ffbaefc2000 	C:\WINDOWS\System32\shlwapi.dll
0x00007ffbacf60000 - 0x00007ffbacf71000 	C:\WINDOWS\System32\kernel.appcore.dll
0x00007ffbad3c0000 - 0x00007ffbad3d7000 	C:\WINDOWS\System32\cryptsp.dll
0x00007ffba85f0000 - 0x00007ffba85f9000 	C:\Program Files\Android\Android Studio\jre\jre\bin\dt_socket.dll
0x00007ffbac7c0000 - 0x00007ffbac827000 	C:\WINDOWS\system32\mswsock.dll
0x0000000065ac0000 - 0x0000000065b26000 	C:\Users\jacks\AppData\Local\Temp\libgdxjacks\689f6d6a\gdx64.dll
0x00007ffbac330000 - 0x00007ffbac363000 	C:\WINDOWS\system32\rsaenh.dll
0x00007ffbad780000 - 0x00007ffbad7a6000 	C:\WINDOWS\System32\bcrypt.dll
0x00007ffbace70000 - 0x00007ffbace95000 	C:\WINDOWS\SYSTEM32\USERENV.dll
0x00007ffbac990000 - 0x00007ffbac99c000 	C:\WINDOWS\SYSTEM32\CRYPTBASE.dll
0x00007ffb9fe90000 - 0x00007ffb9feaa000 	C:\Program Files\Android\Android Studio\jre\jre\bin\net.dll
0x00007ffbac4d0000 - 0x00007ffbac50a000 	C:\WINDOWS\SYSTEM32\IPHLPAPI.DLL
0x00007ffbafe30000 - 0x00007ffbafe38000 	C:\WINDOWS\System32\NSI.dll
0x00007ffba73d0000 - 0x00007ffba73e6000 	C:\WINDOWS\SYSTEM32\dhcpcsvc6.DLL
0x00007ffba7780000 - 0x00007ffba779c000 	C:\WINDOWS\SYSTEM32\dhcpcsvc.DLL
0x00007ffbac510000 - 0x00007ffbac5da000 	C:\WINDOWS\SYSTEM32\DNSAPI.dll
0x00007ffb94890000 - 0x00007ffb948a1000 	C:\Program Files\Android\Android Studio\jre\jre\bin\nio.dll
0x0000000180000000 - 0x0000000180053000 	C:\Users\jacks\AppData\Local\Temp\libgdxjacks\dc0f0009\lwjgl64.dll
0x00007ffb8d9b0000 - 0x00007ffb8db06000 	C:\WINDOWS\SYSTEM32\OPENGL32.dll
0x00007ffba6790000 - 0x00007ffba67bc000 	C:\WINDOWS\SYSTEM32\GLU32.dll
0x00007ffbabbc0000 - 0x00007ffbabbe0000 	C:\WINDOWS\SYSTEM32\dxcore.dll
0x000000001baa0000 - 0x000000001bb04000 	C:\Users\jacks\AppData\Local\Temp\libgdxjacks\dc0f0009\OpenAL64.dll
0x00007ffbae2f0000 - 0x00007ffbae446000 	C:\WINDOWS\System32\ole32.dll
0x00007ffbaaed0000 - 0x00007ffbaaf69000 	C:\WINDOWS\system32\uxtheme.dll
0x00007ffbafc10000 - 0x00007ffbafcb2000 	C:\WINDOWS\System32\clbcatq.dll
0x00007ffba6b80000 - 0x00007ffba6c19000 	C:\WINDOWS\SYSTEM32\dsound.dll
0x00007ffba4c90000 - 0x00007ffba4d02000 	C:\WINDOWS\System32\MMDevApi.dll
0x00007ffbacd50000 - 0x00007ffbacd7a000 	C:\WINDOWS\System32\DEVOBJ.dll
0x00007ffba3c40000 - 0x00007ffba3d9d000 	C:\WINDOWS\SYSTEM32\AUDIOSES.DLL
0x00007ffbafef0000 - 0x00007ffbaffb4000 	C:\WINDOWS\System32\OLEAUT32.dll
0x00007ffba87a0000 - 0x00007ffba88f3000 	C:\WINDOWS\SYSTEM32\wintypes.dll
0x00007ffbab1f0000 - 0x00007ffbab204000 	C:\WINDOWS\SYSTEM32\resourcepolicyclient.dll
0x00007ffba8a80000 - 0x00007ffba8b2e000 	C:\WINDOWS\SYSTEM32\mscms.dll
0x00007ffba8c00000 - 0x00007ffba8c17000 	C:\WINDOWS\SYSTEM32\ColorAdapterClient.dll
0x00007ffb8e570000 - 0x00007ffb8e58a000 	C:\Windows\System32\Windows.Internal.Graphics.Display.DisplayColorManagement.dll
0x00007ffbaeca0000 - 0x00007ffbaedd6000 	C:\WINDOWS\System32\MSCTF.dll
0x00007ffb59d00000 - 0x00007ffb5ab9d000 	C:\WINDOWS\System32\DriverStore\FileRepository\igdlh64.inf_amd64_6317832c7300b942\ig9icd64.dll
0x00007ffbaba70000 - 0x00007ffbaba83000 	C:\WINDOWS\SYSTEM32\WTSAPI32.dll
0x00007ffbab2f0000 - 0x00007ffbab31d000 	C:\WINDOWS\SYSTEM32\dwmapi.dll
0x00007ffbabc50000 - 0x00007ffbabd3b000 	C:\WINDOWS\SYSTEM32\dxgi.dll
0x00007ffb8eb60000 - 0x00007ffb8ebfe000 	C:\WINDOWS\System32\TextInputFramework.dll
0x00007ffb8fa20000 - 0x00007ffb8fd4a000 	C:\WINDOWS\System32\CoreUIComponents.dll
0x00007ffbaaae0000 - 0x00007ffbaabb4000 	C:\WINDOWS\System32\CoreMessaging.dll
0x00007ffbabfb0000 - 0x00007ffbabfe1000 	C:\WINDOWS\SYSTEM32\ntmarta.dll
0x00007ffb9f500000 - 0x00007ffb9f7a6000 	C:\WINDOWS\System32\iertutil.dll
0x00007ffb890b0000 - 0x00007ffb890f3000 	C:\WINDOWS\SYSTEM32\icm32.dll
0x00007ffb8a100000 - 0x00007ffb8b730000 	C:\WINDOWS\System32\DriverStore\FileRepository\igdlh64.inf_amd64_6317832c7300b942\igc64.dll
0x00007ffbab870000 - 0x00007ffbaba64000 	C:\WINDOWS\SYSTEM32\dbghelp.dll

VM Arguments:
jvm_args: -agentlib:jdwp=transport=dt_socket,address=127.0.0.1:63089,suspend=y,server=n -javaagent:C:\Users\jacks\.AndroidStudio3.5\system\groovyHotSwap\gragent.jar -javaagent:C:\Users\jacks\.AndroidStudio3.5\system\captureAgent\debugger-agent.jar -Dfile.encoding=UTF-8 
java_command: com.philosfight.game.desktop.DesktopLauncher
java_class_path (initial): C:\Program Files\Android\Android Studio\jre\jre\lib\charsets.jar;C:\Program Files\Android\Android Studio\jre\jre\lib\ext\access-bridge-64.jar;C:\Program Files\Android\Android Studio\jre\jre\lib\ext\cldrdata.jar;C:\Program Files\Android\Android Studio\jre\jre\lib\ext\dnsns.jar;C:\Program Files\Android\Android Studio\jre\jre\lib\ext\jaccess.jar;C:\Program Files\Android\Android Studio\jre\jre\lib\ext\localedata.jar;C:\Program Files\Android\Android Studio\jre\jre\lib\ext\nashorn.jar;C:\Program Files\Android\Android Studio\jre\jre\lib\ext\sunec.jar;C:\Program Files\Android\Android Studio\jre\jre\lib\ext\sunjce_provider.jar;C:\Program Files\Android\Android Studio\jre\jre\lib\ext\sunmscapi.jar;C:\Program Files\Android\Android Studio\jre\jre\lib\ext\sunpkcs11.jar;C:\Program Files\Android\Android Studio\jre\jre\lib\ext\zipfs.jar;C:\Program Files\Android\Android Studio\jre\jre\lib\jce.jar;C:\Program Files\Android\Android Studio\jre\jre\lib\jsse.jar;C:\Program Files\Android\Android Studio\jre\jre\lib\management-agent.jar;C:\Program Files\Android\Android Studio\jre\jre\lib\resources.jar;C:\Program Files\Android\Android Studio\jre\jre\lib\rt.jar;C:\Users\jacks\OneDrive\Desktop\Programmazione ad Oggetti\Progetto OOP\Philosofight\desktop\build\classes\java\main;C:\Users\jacks\OneDrive\Desktop\Programmazione ad Oggetti\Progetto OOP\Philosofight\core\build\classes\java\main;C:\Users\jacks\.gradle\caches\modules-2\files-2.1\com.badlogicgames.box2dlights\box2dlights\1.4\3d77ad5b4164fb32fc67e2446e35911bb0aaf0bd\box2dlights-1.4.jar;C:\Users\jacks\.gradle\caches\modules-2\files-2.1\com.badlogicgames.gdx\gdx-box2d\1.9.9\e9a43c50fbe4f1e26dd0af5d2e78d125549e7f6b\gdx-box2d-1.9.9.jar;C:\Users\jacks\.gradle\caches\modules-2\files-2.1\com.badlogicgames.gdx\gdx-bullet\1.9.9\2d9d401dd81a607a52ba93d0c3ec2b09967fa9d7\gdx-bullet-1.9.9.jar;C:\Users\jacks\.gradle\caches\modules-2\files-2.1\com.badlogicgames.gdx\gdx\1.9.9\bf26f2f816b3cfe37ac6e66615391c30714b7030\gdx-1.9.9.j
Launcher Type: SUN_STANDARD

Environment Variables:
PATH=C:\Program Files (x86)\NVIDIA Corporation\PhysX\Common;C:\Program Files (x86)\Common Files\Oracle\Java\javapath;C:\Program Files (x86)\Intel\Intel(R) Management Engine Components\iCLS\;C:\Program Files\Intel\Intel(R) Management Engine Components\iCLS\;C:\WINDOWS\system32;C:\WINDOWS;C:\WINDOWS\System32\Wbem;C:\WINDOWS\System32\WindowsPowerShell\v1.0\;C:\WINDOWS\System32\OpenSSH\;C:\Program Files (x86)\Intel\Intel(R) Management Engine Components\DAL;C:\Program Files\Intel\Intel(R) Management Engine Components\DAL;C:\Program Files (x86)\Intel\Intel(R) Management Engine Components\IPT;C:\Program Files\Intel\Intel(R) Management Engine Components\IPT;C:\Program Files\Microsoft SQL Server\130\Tools\Binn\;C:\Program Files\Git\cmd;C:\Program Files\Microsoft SQL Server\Client SDK\ODBC\110\Tools\Binn\;C:\Program Files (x86)\Microsoft SQL Server\120\Tools\Binn\;C:\Program Files\Microsoft SQL Server\120\Tools\Binn\;C:\Program Files\Microsoft SQL Server\120\DTS\Binn\;C:\Program Files (x86)\Microsoft SQL Server\120\Tools\Binn\ManagementStudio\;C:\Program Files (x86)\Microsoft SQL Server\120\DTS\Binn\;C:\Program Files (x86)\Windows Kits\8.1\Windows Performance Toolkit\;C:\Program Files\Intel\WiFi\bin\;C:\Program Files\Common Files\Intel\WirelessCommon\;C:\Users\jacks\AppData\Local\Microsoft\WindowsApps;C:\Users\jacks\AppData\Local\GitHubDesktop\bin;%USERPROFILE%\AppData\Local\Microsoft\WindowsApps;
USERNAME=jacks
OS=Windows_NT
PROCESSOR_IDENTIFIER=Intel64 Family 6 Model 142 Stepping 10, GenuineIntel



---------------  S Y S T E M  ---------------

OS: Windows 10.0 , 64 bit Build 18362 (10.0.18362.329)

CPU:total 8 (initial active 8) (4 cores per cpu, 2 threads per core) family 6 model 142 stepping 10, cmov, cx8, fxsr, mmx, sse, sse2, sse3, ssse3, sse4.1, sse4.2, popcnt, avx, avx2, aes, clmul, erms, 3dnowpref, lzcnt, ht, tsc, tscinvbit, bmi1, bmi2, adx

Memory: 4k page, physical 8238332k(2575624k free), swap 10692376k(2362224k free)

vm_info: OpenJDK 64-Bit Server VM (25.202-b03) for windows-amd64 JRE (1.8.0_202-release-1483-b03), built by "builder" with MS VC++ 10.0 (VS2010)

time: Wed Nov 06 17:36:02 2019
timezone: ora solare Europa occidentale
elapsed time: 12 seconds (0d 0h 0m 12s)

