#
# A fatal error has been detected by the Java Runtime Environment:
#
#  EXCEPTION_ACCESS_VIOLATION (0xc0000005) at pc=0x00007ffbb00bd17e, pid=20680, tid=0x0000000000005100
#
# JRE version: OpenJDK Runtime Environment (8.0_202-b03) (build 1.8.0_202-release-1483-b03)
# Java VM: OpenJDK 64-Bit Server VM (25.202-b03 mixed mode windows-amd64 compressed oops)
# Problematic frame:
# C  [ntdll.dll+0x3d17e]
#
# Failed to write core dump. Minidumps are not enabled by default on client versions of Windows
#
# If you would like to submit a bug report, please visit:
#   http://bugreport.java.com/bugreport/crash.jsp
# The crash happened outside the Java Virtual Machine in native code.
# See problematic frame for where to report the bug.
#

---------------  T H R E A D  ---------------

Current thread (0x000000001ab83000):  JavaThread "LWJGL Application" [_thread_in_native, id=20736, stack(0x000000001bb40000,0x000000001bc40000)]

siginfo: ExceptionCode=0xc0000005, reading address 0xffffffffffffffff

Registers:
RAX=0x00000000003a0048, RBX=0x0000000000f00000, RCX=0x0000000000004872, RDX=0x0000000000000048
RSP=0x000000001bc3eb20, RBP=0x000000001bc3eda9, RSI=0x000000001b2138b0, RDI=0x000000003a004872
R8 =0x000000001b2138a0, R9 =0x0000000000013890, R10=0x00007ffbb01a1170, R11=0x00000000539f4980
R12=0x3f0f0000feffffff, R13=0x0000000000001389, R14=0x4425000042200000, R15=0x000000001b2138a0
RIP=0x00007ffbb00bd17e, EFLAGS=0x0000000000010212

Top of Stack: (sp=0x000000001bc3eb20)
0x000000001bc3eb20:   000000000000002d 000000001bc3ec68
0x000000001bc3eb30:   0000000017671510 000000001ab83000
0x000000001bc3eb40:   000000001bc3ec00 000000005388926c
0x000000001bc3eb50:   000000011bc3f101 0000000000000000
0x000000001bc3eb60:   0000000000000030 0000000000000000
0x000000001bc3eb70:   0000000000000001 0000000000001389
0x000000001bc3eb80:   000000001ab83000 000000005384aedd
0x000000001bc3eb90:   0000000017671510 0000000000f00150
0x000000001bc3eba0:   000000001b2138a0 00000001000a2e60
0x000000001bc3ebb0:   000000001bc3f020 000000005388bba4
0x000000001bc3ebc0:   000000001bc3ec00 00000000000003ff
0x000000001bc3ebd0:   0000000000000000 0000000053888ec6
0x000000001bc3ebe0:   000000001aa94c20 000000001aa94c20
0x000000001bc3ebf0:   000000001aa94c28 000000001ab83000
0x000000001bc3ec00:   000000001ab83000 0000000053888df0
0x000000001bc3ec10:   00000000174326f0 000000001ab83000 

Instructions: (pc=0x00007ffbb00bd17e)
0x00007ffbb00bd15e:   0f b7 4f 08 0f b7 d1 66 c1 ea 08 4c 8b 6c 24 58
0x00007ffbb00bd16e:   49 3b cd 0f 82 9f 13 00 00 4c 8b 36 4d 8b 67 18
0x00007ffbb00bd17e:   49 8b 04 24 4d 8b 4e 08 49 3b c1 0f 85 64 13 00
0x00007ffbb00bd18e:   00 48 3b c6 0f 85 5b 13 00 00 48 29 8b c0 00 00 


Register to memory mapping:

RAX=0x00000000003a0048 is an unknown value
RBX=0x0000000000f00000 is an unknown value
RCX=0x0000000000004872 is an unknown value
RDX=0x0000000000000048 is an unknown value
RSP=0x000000001bc3eb20 is pointing into the stack for thread: 0x000000001ab83000
RBP=0x000000001bc3eda9 is pointing into the stack for thread: 0x000000001ab83000
RSI=0x000000001b2138b0 is an unknown value
RDI=0x000000003a004872 is an unknown value
R8 =0x000000001b2138a0 is an unknown value
R9 =0x0000000000013890 is an unknown value
R10=0x00007ffbb01a1170 is an unknown value
R11=0x00000000539f4980 is an unknown value
R12=0x3f0f0000feffffff is an unknown value
R13=0x0000000000001389 is an unknown value
R14=0x4425000042200000 is an unknown value
R15=0x000000001b2138a0 is an unknown value


Stack: [0x000000001bb40000,0x000000001bc40000],  sp=0x000000001bc3eb20,  free space=1018k
Native frames: (J=compiled Java code, j=interpreted, Vv=VM code, C=native code)
C  [ntdll.dll+0x3d17e]
C  [ntdll.dll+0x3babb]
C  [msvcrt.dll+0x19da0]
C  [gdx64.dll+0x3984]
C  0x0000000002b01b30

Java frames: (J=compiled Java code, j=interpreted, Vv=VM code)
j  com.badlogic.gdx.utils.BufferUtils.newDisposableByteBuffer(I)Ljava/nio/ByteBuffer;+0
j  com.badlogic.gdx.utils.BufferUtils.newUnsafeByteBuffer(I)Ljava/nio/ByteBuffer;+1
j  com.badlogic.gdx.graphics.glutils.VertexArray.<init>(ILcom/badlogic/gdx/graphics/VertexAttributes;)V+24
j  com.badlogic.gdx.graphics.Mesh.<init>(Lcom/badlogic/gdx/graphics/Mesh$VertexDataType;ZIILcom/badlogic/gdx/graphics/VertexAttributes;)V+179
j  com.badlogic.gdx.graphics.Mesh.<init>(Lcom/badlogic/gdx/graphics/Mesh$VertexDataType;ZII[Lcom/badlogic/gdx/graphics/VertexAttribute;)V+15
j  com.badlogic.gdx.graphics.g2d.SpriteBatch.<init>(ILcom/badlogic/gdx/graphics/glutils/ShaderProgram;)V+248
j  com.badlogic.gdx.graphics.g2d.SpriteBatch.<init>()V+5
j  com.philosfight.game.Menu.MenuRenderer.init()V+5
j  com.philosfight.game.Menu.MenuRenderer.<init>()V+11
j  com.philosfight.game.ScreenClasses.MenuScreen.show()V+5
j  com.badlogic.gdx.Game.setScreen(Lcom/badlogic/gdx/Screen;)V+32
j  com.philosfight.game.ScreenClasses.VictoryScreen.render(F)V+51
j  com.badlogic.gdx.Game.render()V+19
j  com.badlogic.gdx.backends.lwjgl.LwjglApplication.mainLoop()V+698
j  com.badlogic.gdx.backends.lwjgl.LwjglApplication$1.run()V+27
v  ~StubRoutines::call_stub

---------------  P R O C E S S  ---------------

Java Threads: ( => current thread )
  0x000000001abcd800 JavaThread "LWJGL Timer" daemon [_thread_blocked, id=23260, stack(0x0000000026bd0000,0x0000000026cd0000)]
  0x000000001ac25000 JavaThread "AsynchExecutor-Thread" daemon [_thread_blocked, id=3724, stack(0x0000000025b00000,0x0000000025c00000)]
  0x000000001ad33800 JavaThread "AsynchExecutor-Thread" daemon [_thread_blocked, id=22744, stack(0x0000000025500000,0x0000000025600000)]
  0x00000000029e6000 JavaThread "DestroyJavaVM" [_thread_blocked, id=8672, stack(0x00000000026b0000,0x00000000027b0000)]
=>0x000000001ab83000 JavaThread "LWJGL Application" [_thread_in_native, id=20736, stack(0x000000001bb40000,0x000000001bc40000)]
  0x0000000019a42000 JavaThread "Service Thread" daemon [_thread_blocked, id=16848, stack(0x000000001a7e0000,0x000000001a8e0000)]
  0x00000000199a1800 JavaThread "C1 CompilerThread3" daemon [_thread_blocked, id=14352, stack(0x000000001a6e0000,0x000000001a7e0000)]
  0x000000001999c800 JavaThread "C2 CompilerThread2" daemon [_thread_blocked, id=8528, stack(0x000000001a5e0000,0x000000001a6e0000)]
  0x0000000019990800 JavaThread "C2 CompilerThread1" daemon [_thread_blocked, id=15464, stack(0x000000001a4e0000,0x000000001a5e0000)]
  0x0000000019990000 JavaThread "C2 CompilerThread0" daemon [_thread_blocked, id=1608, stack(0x000000001a3e0000,0x000000001a4e0000)]
  0x000000001980b800 JavaThread "JDWP Command Reader" daemon [_thread_in_native, id=22624, stack(0x000000001a2e0000,0x000000001a3e0000)]
  0x000000001980a800 JavaThread "JDWP Event Helper Thread" daemon [_thread_blocked, id=9736, stack(0x000000001a1e0000,0x000000001a2e0000)]
  0x00000000179fc800 JavaThread "JDWP Transport Listener: dt_socket" daemon [_thread_blocked, id=23880, stack(0x000000001a0e0000,0x000000001a1e0000)]
  0x00000000197fa000 JavaThread "Attach Listener" daemon [_thread_blocked, id=19472, stack(0x0000000019fe0000,0x000000001a0e0000)]
  0x00000000197f8000 JavaThread "Signal Dispatcher" daemon [_thread_blocked, id=11016, stack(0x0000000019ee0000,0x0000000019fe0000)]
  0x00000000197e1000 JavaThread "Finalizer" daemon [_thread_blocked, id=13956, stack(0x0000000019cc0000,0x0000000019dc0000)]
  0x00000000197e0800 JavaThread "Reference Handler" daemon [_thread_blocked, id=16124, stack(0x0000000019bc0000,0x0000000019cc0000)]

Other Threads:
  0x00000000179e7000 VMThread [stack: 0x00000000196c0000,0x00000000197c0000] [id=25932]
  0x00000000199df000 WatcherThread [stack: 0x000000001a8e0000,0x000000001a9e0000] [id=12944]

VM state:not at safepoint (normal execution)

VM Mutex/Monitor currently owned by a thread: None

heap address: 0x0000000082400000, size: 2012 MB, Compressed Oops mode: 32-bit
Narrow klass base: 0x0000000000000000, Narrow klass shift: 3
Compressed class space size: 1073741824 Address: 0x0000000100000000

Heap:
 PSYoungGen      total 37888K, used 32420K [0x00000000d6180000, 0x00000000d8b80000, 0x0000000100000000)
  eden space 32768K, 87% used [0x00000000d6180000,0x00000000d7d7af60,0x00000000d8180000)
  from space 5120K, 73% used [0x00000000d8180000,0x00000000d852e1f0,0x00000000d8680000)
  to   space 5120K, 0% used [0x00000000d8680000,0x00000000d8680000,0x00000000d8b80000)
 ParOldGen       total 86016K, used 8K [0x0000000082400000, 0x0000000087800000, 0x00000000d6180000)
  object space 86016K, 0% used [0x0000000082400000,0x0000000082402000,0x0000000087800000)
 Metaspace       used 8102K, capacity 8175K, committed 8192K, reserved 1056768K
  class space    used 716K, capacity 754K, committed 768K, reserved 1048576K

Card table byte_map: [0x0000000011ea0000,0x0000000012290000] byte_map_base: 0x0000000011a8e000

Marking Bits: (ParMarkBitMap*) 0x0000000053fb9f30
 Begin Bits: [0x0000000012d30000, 0x0000000014ca0000)
 End Bits:   [0x0000000014ca0000, 0x0000000016c10000)

Polling page: 0x00000000005f0000

CodeCache: size=245760Kb used=4035Kb max_used=4035Kb free=241724Kb
 bounds [0x0000000002ae0000, 0x0000000002ee0000, 0x0000000011ae0000]
 total_blobs=1441 nmethods=980 adapters=383
 compilation: enabled

Compilation events (10 events):
Event: 8.533 Thread 0x00000000199a1800  976       3       org.lwjgl.opengl.DrawableGL::swapBuffers (4 bytes)
Event: 8.533 Thread 0x00000000199a1800 nmethod 976 0x0000000002ed2610 code [0x0000000002ed2780, 0x0000000002ed2988]
Event: 8.533 Thread 0x00000000199a1800  977       3       org.lwjgl.opengl.ContextGL::swapBuffers (9 bytes)
Event: 8.533 Thread 0x00000000199a1800 nmethod 977 0x0000000002ed2a50 code [0x0000000002ed2bc0, 0x0000000002ed2d48]
Event: 8.534 Thread 0x00000000199a1800  978   !   3       org.lwjgl.opengl.Display::isActive (38 bytes)
Event: 8.534 Thread 0x00000000199a1800 nmethod 978 0x0000000002ed2dd0 code [0x0000000002ed2f80, 0x0000000002ed3568]
Event: 8.534 Thread 0x00000000199a1800  979       3       org.lwjgl.opengl.Sync$RunningAvg::dampenForLowResTicker (42 bytes)
Event: 8.535 Thread 0x00000000199a1800 nmethod 979 0x0000000002ed3850 code [0x0000000002ed39e0, 0x0000000002ed3ca8]
Event: 8.535 Thread 0x00000000199a1800  980       3       org.lwjgl.opengl.Display::wasResized (4 bytes)
Event: 8.536 Thread 0x00000000199a1800 nmethod 980 0x0000000002eb9410 code [0x0000000002eb9560, 0x0000000002eb96b0]

GC Heap History (2 events):
Event: 1.858 GC heap before
{Heap before GC invocations=1 (full 0):
 PSYoungGen      total 37888K, used 32768K [0x00000000d6180000, 0x00000000d8b80000, 0x0000000100000000)
  eden space 32768K, 100% used [0x00000000d6180000,0x00000000d8180000,0x00000000d8180000)
  from space 5120K, 0% used [0x00000000d8680000,0x00000000d8680000,0x00000000d8b80000)
  to   space 5120K, 0% used [0x00000000d8180000,0x00000000d8180000,0x00000000d8680000)
 ParOldGen       total 86016K, used 0K [0x0000000082400000, 0x0000000087800000, 0x00000000d6180000)
  object space 86016K, 0% used [0x0000000082400000,0x0000000082400000,0x0000000087800000)
 Metaspace       used 7600K, capacity 7739K, committed 7936K, reserved 1056768K
  class space    used 690K, capacity 720K, committed 768K, reserved 1048576K
Event: 1.863 GC heap after
Heap after GC invocations=1 (full 0):
 PSYoungGen      total 37888K, used 3768K [0x00000000d6180000, 0x00000000d8b80000, 0x0000000100000000)
  eden space 32768K, 0% used [0x00000000d6180000,0x00000000d6180000,0x00000000d8180000)
  from space 5120K, 73% used [0x00000000d8180000,0x00000000d852e1f0,0x00000000d8680000)
  to   space 5120K, 0% used [0x00000000d8680000,0x00000000d8680000,0x00000000d8b80000)
 ParOldGen       total 86016K, used 8K [0x0000000082400000, 0x0000000087800000, 0x00000000d6180000)
  object space 86016K, 0% used [0x0000000082400000,0x0000000082402000,0x0000000087800000)
 Metaspace       used 7600K, capacity 7739K, committed 7936K, reserved 1056768K
  class space    used 690K, capacity 720K, committed 768K, reserved 1048576K
}

Deoptimization events (4 events):
Event: 0.329 Thread 0x00000000029e6000 Uncommon trap: reason=unstable_if action=reinterpret pc=0x0000000002c375c4 method=java.lang.String.indexOf([CII[CIII)I @ 134
Event: 2.653 Thread 0x000000001ab83000 Uncommon trap: reason=unstable_if action=reinterpret pc=0x0000000002d0eddc method=sun.net.www.ParseUtil.encodePath(Ljava/lang/String;Z)Ljava/lang/String; @ 109
Event: 2.696 Thread 0x000000001ab83000 Uncommon trap: reason=unstable_if action=reinterpret pc=0x0000000002de7db8 method=java.lang.Math.round(F)I @ 23
Event: 4.917 Thread 0x000000001ab83000 Uncommon trap: reason=unstable_if action=reinterpret pc=0x0000000002e3aab8 method=com.badlogic.gdx.math.Rectangle.overlaps(Lcom/badlogic/gdx/math/Rectangle;)Z @ 65

Classes redefined (0 events):
No events

Internal exceptions (10 events):
Event: 0.327 Thread 0x00000000029e6000 Exception <a 'java/security/PrivilegedActionException'> (0x00000000d671fe20) thrown at [D:\src\AOSP-openjdk-cygwin\jdk8u\hotspot\src\share\vm\prims\jvm.cpp, line 1508]
Event: 0.327 Thread 0x00000000029e6000 Exception <a 'java/security/PrivilegedActionException'> (0x00000000d6720030) thrown at [D:\src\AOSP-openjdk-cygwin\jdk8u\hotspot\src\share\vm\prims\jvm.cpp, line 1508]
Event: 0.327 Thread 0x00000000029e6000 Exception <a 'java/security/PrivilegedActionException'> (0x00000000d6721568) thrown at [D:\src\AOSP-openjdk-cygwin\jdk8u\hotspot\src\share\vm\prims\jvm.cpp, line 1508]
Event: 0.327 Thread 0x00000000029e6000 Exception <a 'java/security/PrivilegedActionException'> (0x00000000d6721778) thrown at [D:\src\AOSP-openjdk-cygwin\jdk8u\hotspot\src\share\vm\prims\jvm.cpp, line 1508]
Event: 0.804 Thread 0x00000000029e6000 Exception <a 'java/security/PrivilegedActionException'> (0x00000000d69ff7a8) thrown at [D:\src\AOSP-openjdk-cygwin\jdk8u\hotspot\src\share\vm\prims\jvm.cpp, line 1508]
Event: 0.804 Thread 0x00000000029e6000 Exception <a 'java/security/PrivilegedActionException'> (0x00000000d6a01400) thrown at [D:\src\AOSP-openjdk-cygwin\jdk8u\hotspot\src\share\vm\prims\jvm.cpp, line 1508]
Event: 0.804 Thread 0x00000000029e6000 Exception <a 'java/security/PrivilegedActionException'> (0x00000000d6a02570) thrown at [D:\src\AOSP-openjdk-cygwin\jdk8u\hotspot\src\share\vm\prims\jvm.cpp, line 1508]
Event: 0.805 Thread 0x00000000029e6000 Exception <a 'java/security/PrivilegedActionException'> (0x00000000d6a08260) thrown at [D:\src\AOSP-openjdk-cygwin\jdk8u\hotspot\src\share\vm\prims\jvm.cpp, line 1508]
Event: 0.805 Thread 0x00000000029e6000 Exception <a 'java/security/PrivilegedActionException'> (0x00000000d6a08eb8) thrown at [D:\src\AOSP-openjdk-cygwin\jdk8u\hotspot\src\share\vm\prims\jvm.cpp, line 1508]
Event: 0.805 Thread 0x00000000029e6000 Exception <a 'java/security/PrivilegedActionException'> (0x00000000d6a09ae0) thrown at [D:\src\AOSP-openjdk-cygwin\jdk8u\hotspot\src\share\vm\prims\jvm.cpp, line 1508]

Events (10 events):
Event: 7.134 Thread 0x000000001ab83000 DEOPT PACKING pc=0x0000000002ca6e41 sp=0x000000001bc3ddd0
Event: 7.134 Thread 0x000000001ab83000 DEOPT UNPACKING pc=0x0000000002b275d0 sp=0x000000001bc3db20 mode 1
Event: 7.134 Executing VM operation: RevokeBias
Event: 7.135 Executing VM operation: RevokeBias done
Event: 7.135 Thread 0x000000001ab83000 DEOPT PACKING pc=0x0000000002c70a3c sp=0x000000001bc3de50
Event: 7.135 Thread 0x000000001ab83000 DEOPT UNPACKING pc=0x0000000002b275d0 sp=0x000000001bc3dc70 mode 1
Event: 7.135 Executing VM operation: RevokeBias
Event: 7.135 Executing VM operation: RevokeBias done
Event: 7.135 Thread 0x000000001ab83000 DEOPT PACKING pc=0x0000000002c707d4 sp=0x000000001bc3dfe0
Event: 7.135 Thread 0x000000001ab83000 DEOPT UNPACKING pc=0x0000000002b275d0 sp=0x000000001bc3de00 mode 1


Dynamic libraries:
0x00007ff690b50000 - 0x00007ff690b81000 	C:\Program Files\Android\Android Studio\jre\bin\java.exe
0x00007ffbb0080000 - 0x00007ffbb0270000 	C:\WINDOWS\SYSTEM32\ntdll.dll
0x00007ffbaeeb0000 - 0x00007ffbaef62000 	C:\WINDOWS\System32\KERNEL32.DLL
0x00007ffbad010000 - 0x00007ffbad2b3000 	C:\WINDOWS\System32\KERNELBASE.dll
0x00007ffbafcc0000 - 0x00007ffbafd63000 	C:\WINDOWS\System32\ADVAPI32.dll
0x00007ffbaf0a0000 - 0x00007ffbaf13e000 	C:\WINDOWS\System32\msvcrt.dll
0x00007ffbae790000 - 0x00007ffbae827000 	C:\WINDOWS\System32\sechost.dll
0x00007ffbae160000 - 0x00007ffbae280000 	C:\WINDOWS\System32\RPCRT4.dll
0x00007ffbaf2f0000 - 0x00007ffbaf484000 	C:\WINDOWS\System32\USER32.dll
0x00007ffbad7b0000 - 0x00007ffbad7d1000 	C:\WINDOWS\System32\win32u.dll
0x00007ffbafec0000 - 0x00007ffbafee6000 	C:\WINDOWS\System32\GDI32.dll
0x00007ffbad5e0000 - 0x00007ffbad774000 	C:\WINDOWS\System32\gdi32full.dll
0x00007ffbad2c0000 - 0x00007ffbad35e000 	C:\WINDOWS\System32\msvcp_win.dll
0x00007ffbad3e0000 - 0x00007ffbad4da000 	C:\WINDOWS\System32\ucrtbase.dll
0x00007ffb93850000 - 0x00007ffb93ad5000 	C:\WINDOWS\WinSxS\amd64_microsoft.windows.common-controls_6595b64144ccf1df_6.0.18362.418_none_e6c6b287130d565d\COMCTL32.dll
0x00007ffbae450000 - 0x00007ffbae786000 	C:\WINDOWS\System32\combase.dll
0x00007ffbadf60000 - 0x00007ffbadfe0000 	C:\WINDOWS\System32\bcryptPrimitives.dll
0x00007ffbae130000 - 0x00007ffbae15e000 	C:\WINDOWS\System32\IMM32.DLL
0x0000000053710000 - 0x00000000537e2000 	C:\Program Files\Android\Android Studio\jre\jre\bin\msvcr100.dll
0x00000000537f0000 - 0x0000000054036000 	C:\Program Files\Android\Android Studio\jre\jre\bin\server\jvm.dll
0x00007ffbafd70000 - 0x00007ffbafd78000 	C:\WINDOWS\System32\PSAPI.DLL
0x00007ffba4a30000 - 0x00007ffba4a3a000 	C:\WINDOWS\SYSTEM32\VERSION.dll
0x00007ffba18d0000 - 0x00007ffba18f4000 	C:\WINDOWS\SYSTEM32\WINMM.dll
0x00007ffba18a0000 - 0x00007ffba18cd000 	C:\WINDOWS\SYSTEM32\winmmbase.dll
0x00007ffbad4e0000 - 0x00007ffbad52a000 	C:\WINDOWS\System32\cfgmgr32.dll
0x00007ffba0510000 - 0x00007ffba0519000 	C:\WINDOWS\SYSTEM32\WSOCK32.dll
0x00007ffbaee40000 - 0x00007ffbaeeaf000 	C:\WINDOWS\System32\WS2_32.dll
0x00007ffba9720000 - 0x00007ffba972f000 	C:\Program Files\Android\Android Studio\jre\jre\bin\verify.dll
0x00007ffb948c0000 - 0x00007ffb948e9000 	C:\Program Files\Android\Android Studio\jre\jre\bin\java.dll
0x00007ffba6c20000 - 0x00007ffba6c55000 	C:\Program Files\Android\Android Studio\jre\jre\bin\jdwp.dll
0x00007ffba8560000 - 0x00007ffba8568000 	C:\Program Files\Android\Android Studio\jre\jre\bin\npt.dll
0x00007ffba6d10000 - 0x00007ffba6d33000 	C:\Program Files\Android\Android Studio\jre\jre\bin\instrument.dll
0x00007ffb95860000 - 0x00007ffb95876000 	C:\Program Files\Android\Android Studio\jre\jre\bin\zip.dll
0x00007ffbaf490000 - 0x00007ffbafb75000 	C:\WINDOWS\System32\SHELL32.dll
0x00007ffbafd80000 - 0x00007ffbafe29000 	C:\WINDOWS\System32\shcore.dll
0x00007ffbad7e0000 - 0x00007ffbadf5f000 	C:\WINDOWS\System32\windows.storage.dll
0x00007ffbacff0000 - 0x00007ffbad00f000 	C:\WINDOWS\System32\profapi.dll
0x00007ffbacfa0000 - 0x00007ffbacfea000 	C:\WINDOWS\System32\powrprof.dll
0x00007ffbacf50000 - 0x00007ffbacf60000 	C:\WINDOWS\System32\UMPDC.dll
0x00007ffbaef70000 - 0x00007ffbaefc2000 	C:\WINDOWS\System32\shlwapi.dll
0x00007ffbacf60000 - 0x00007ffbacf71000 	C:\WINDOWS\System32\kernel.appcore.dll
0x00007ffbad3c0000 - 0x00007ffbad3d7000 	C:\WINDOWS\System32\cryptsp.dll
0x00007ffba83c0000 - 0x00007ffba83c9000 	C:\Program Files\Android\Android Studio\jre\jre\bin\dt_socket.dll
0x00007ffbac7c0000 - 0x00007ffbac827000 	C:\WINDOWS\system32\mswsock.dll
0x0000000065ac0000 - 0x0000000065b26000 	C:\Users\jacks\AppData\Local\Temp\libgdxjacks\689f6d6a\gdx64.dll
0x00007ffbac330000 - 0x00007ffbac363000 	C:\WINDOWS\system32\rsaenh.dll
0x00007ffbad780000 - 0x00007ffbad7a6000 	C:\WINDOWS\System32\bcrypt.dll
0x00007ffbace70000 - 0x00007ffbace95000 	C:\WINDOWS\SYSTEM32\USERENV.dll
0x00007ffbac990000 - 0x00007ffbac99c000 	C:\WINDOWS\SYSTEM32\CRYPTBASE.dll
0x00007ffb8e120000 - 0x00007ffb8e13a000 	C:\Program Files\Android\Android Studio\jre\jre\bin\net.dll
0x00007ffbac4d0000 - 0x00007ffbac50a000 	C:\WINDOWS\SYSTEM32\IPHLPAPI.DLL
0x00007ffbafe30000 - 0x00007ffbafe38000 	C:\WINDOWS\System32\NSI.dll
0x00007ffba73d0000 - 0x00007ffba73e6000 	C:\WINDOWS\SYSTEM32\dhcpcsvc6.DLL
0x00007ffba7780000 - 0x00007ffba779c000 	C:\WINDOWS\SYSTEM32\dhcpcsvc.DLL
0x00007ffbac510000 - 0x00007ffbac5da000 	C:\WINDOWS\SYSTEM32\DNSAPI.dll
0x00007ffb8e100000 - 0x00007ffb8e111000 	C:\Program Files\Android\Android Studio\jre\jre\bin\nio.dll
0x0000000180000000 - 0x0000000180053000 	C:\Users\jacks\AppData\Local\Temp\libgdxjacks\dc0f0009\lwjgl64.dll
0x00007ffb946f0000 - 0x00007ffb94846000 	C:\WINDOWS\SYSTEM32\OPENGL32.dll
0x00007ffba7650000 - 0x00007ffba767c000 	C:\WINDOWS\SYSTEM32\GLU32.dll
0x00007ffbabbc0000 - 0x00007ffbabbe0000 	C:\WINDOWS\SYSTEM32\dxcore.dll
0x0000000002960000 - 0x00000000029c4000 	C:\Users\jacks\AppData\Local\Temp\libgdxjacks\dc0f0009\OpenAL64.dll
0x00007ffbae2f0000 - 0x00007ffbae446000 	C:\WINDOWS\System32\ole32.dll
0x00007ffbaaed0000 - 0x00007ffbaaf69000 	C:\WINDOWS\system32\uxtheme.dll
0x00007ffbafc10000 - 0x00007ffbafcb2000 	C:\WINDOWS\System32\clbcatq.dll
0x00007ffba5810000 - 0x00007ffba58a9000 	C:\WINDOWS\SYSTEM32\dsound.dll
0x00007ffba4c90000 - 0x00007ffba4d02000 	C:\WINDOWS\System32\MMDevApi.dll
0x00007ffbacd50000 - 0x00007ffbacd7a000 	C:\WINDOWS\System32\DEVOBJ.dll
0x00007ffba3c40000 - 0x00007ffba3d9d000 	C:\WINDOWS\SYSTEM32\AUDIOSES.DLL
0x00007ffbafef0000 - 0x00007ffbaffb4000 	C:\WINDOWS\System32\OLEAUT32.dll
0x00007ffba87a0000 - 0x00007ffba88f3000 	C:\WINDOWS\SYSTEM32\wintypes.dll
0x00007ffbab1f0000 - 0x00007ffbab204000 	C:\WINDOWS\SYSTEM32\resourcepolicyclient.dll
0x00007ffba8a80000 - 0x00007ffba8b2e000 	C:\WINDOWS\SYSTEM32\mscms.dll
0x00007ffba8c00000 - 0x00007ffba8c17000 	C:\WINDOWS\SYSTEM32\ColorAdapterClient.dll
0x00007ffb8e570000 - 0x00007ffb8e58a000 	C:\Windows\System32\Windows.Internal.Graphics.Display.DisplayColorManagement.dll
0x00007ffbaeca0000 - 0x00007ffbaedd6000 	C:\WINDOWS\System32\MSCTF.dll
0x00007ffb4b610000 - 0x00007ffb4c4ad000 	C:\WINDOWS\System32\DriverStore\FileRepository\igdlh64.inf_amd64_6317832c7300b942\ig9icd64.dll
0x00007ffbabc50000 - 0x00007ffbabd3b000 	C:\WINDOWS\SYSTEM32\dxgi.dll
0x00007ffbaba70000 - 0x00007ffbaba83000 	C:\WINDOWS\SYSTEM32\WTSAPI32.dll
0x00007ffbab2f0000 - 0x00007ffbab31d000 	C:\WINDOWS\SYSTEM32\dwmapi.dll
0x00007ffb8eb60000 - 0x00007ffb8ebfe000 	C:\WINDOWS\System32\TextInputFramework.dll
0x00007ffb8fa20000 - 0x00007ffb8fd4a000 	C:\WINDOWS\System32\CoreUIComponents.dll
0x00007ffbaaae0000 - 0x00007ffbaabb4000 	C:\WINDOWS\System32\CoreMessaging.dll
0x00007ffbabfb0000 - 0x00007ffbabfe1000 	C:\WINDOWS\SYSTEM32\ntmarta.dll
0x00007ffb9f500000 - 0x00007ffb9f7a6000 	C:\WINDOWS\System32\iertutil.dll
0x00007ffba69b0000 - 0x00007ffba69f3000 	C:\WINDOWS\SYSTEM32\icm32.dll
0x00007ffb8a100000 - 0x00007ffb8b730000 	C:\WINDOWS\System32\DriverStore\FileRepository\igdlh64.inf_amd64_6317832c7300b942\igc64.dll
0x00007ffbab870000 - 0x00007ffbaba64000 	C:\WINDOWS\SYSTEM32\dbghelp.dll

VM Arguments:
jvm_args: -agentlib:jdwp=transport=dt_socket,address=127.0.0.1:64617,suspend=y,server=n -javaagent:C:\Users\jacks\.AndroidStudio3.5\system\groovyHotSwap\gragent.jar -javaagent:C:\Users\jacks\.AndroidStudio3.5\system\captureAgent\debugger-agent.jar -Dfile.encoding=UTF-8 
java_command: com.philosfight.game.desktop.DesktopLauncher
java_class_path (initial): C:\Program Files\Android\Android Studio\jre\jre\lib\charsets.jar;C:\Program Files\Android\Android Studio\jre\jre\lib\ext\access-bridge-64.jar;C:\Program Files\Android\Android Studio\jre\jre\lib\ext\cldrdata.jar;C:\Program Files\Android\Android Studio\jre\jre\lib\ext\dnsns.jar;C:\Program Files\Android\Android Studio\jre\jre\lib\ext\jaccess.jar;C:\Program Files\Android\Android Studio\jre\jre\lib\ext\localedata.jar;C:\Program Files\Android\Android Studio\jre\jre\lib\ext\nashorn.jar;C:\Program Files\Android\Android Studio\jre\jre\lib\ext\sunec.jar;C:\Program Files\Android\Android Studio\jre\jre\lib\ext\sunjce_provider.jar;C:\Program Files\Android\Android Studio\jre\jre\lib\ext\sunmscapi.jar;C:\Program Files\Android\Android Studio\jre\jre\lib\ext\sunpkcs11.jar;C:\Program Files\Android\Android Studio\jre\jre\lib\ext\zipfs.jar;C:\Program Files\Android\Android Studio\jre\jre\lib\jce.jar;C:\Program Files\Android\Android Studio\jre\jre\lib\jsse.jar;C:\Program Files\Android\Android Studio\jre\jre\lib\management-agent.jar;C:\Program Files\Android\Android Studio\jre\jre\lib\resources.jar;C:\Program Files\Android\Android Studio\jre\jre\lib\rt.jar;C:\Users\jacks\OneDrive\Desktop\Programmazione ad Oggetti\Progetto OOP\Philosofight\desktop\build\classes\java\main;C:\Users\jacks\OneDrive\Desktop\Programmazione ad Oggetti\Progetto OOP\Philosofight\core\build\classes\java\main;C:\Users\jacks\.gradle\caches\modules-2\files-2.1\com.badlogicgames.box2dlights\box2dlights\1.4\3d77ad5b4164fb32fc67e2446e35911bb0aaf0bd\box2dlights-1.4.jar;C:\Users\jacks\.gradle\caches\modules-2\files-2.1\com.badlogicgames.gdx\gdx-box2d\1.9.9\e9a43c50fbe4f1e26dd0af5d2e78d125549e7f6b\gdx-box2d-1.9.9.jar;C:\Users\jacks\.gradle\caches\modules-2\files-2.1\com.badlogicgames.gdx\gdx-bullet\1.9.9\2d9d401dd81a607a52ba93d0c3ec2b09967fa9d7\gdx-bullet-1.9.9.jar;C:\Users\jacks\.gradle\caches\modules-2\files-2.1\com.badlogicgames.gdx\gdx\1.9.9\bf26f2f816b3cfe37ac6e66615391c30714b7030\gdx-1.9.9.j
Launcher Type: SUN_STANDARD

Environment Variables:
PATH=C:\Program Files (x86)\NVIDIA Corporation\PhysX\Common;C:\Program Files (x86)\Common Files\Oracle\Java\javapath;C:\Program Files (x86)\Intel\Intel(R) Management Engine Components\iCLS\;C:\Program Files\Intel\Intel(R) Management Engine Components\iCLS\;C:\WINDOWS\system32;C:\WINDOWS;C:\WINDOWS\System32\Wbem;C:\WINDOWS\System32\WindowsPowerShell\v1.0\;C:\WINDOWS\System32\OpenSSH\;C:\Program Files (x86)\Intel\Intel(R) Management Engine Components\DAL;C:\Program Files\Intel\Intel(R) Management Engine Components\DAL;C:\Program Files (x86)\Intel\Intel(R) Management Engine Components\IPT;C:\Program Files\Intel\Intel(R) Management Engine Components\IPT;C:\Program Files\Microsoft SQL Server\130\Tools\Binn\;C:\Program Files\Git\cmd;C:\Program Files\Microsoft SQL Server\Client SDK\ODBC\110\Tools\Binn\;C:\Program Files (x86)\Microsoft SQL Server\120\Tools\Binn\;C:\Program Files\Microsoft SQL Server\120\Tools\Binn\;C:\Program Files\Microsoft SQL Server\120\DTS\Binn\;C:\Program Files (x86)\Microsoft SQL Server\120\Tools\Binn\ManagementStudio\;C:\Program Files (x86)\Microsoft SQL Server\120\DTS\Binn\;C:\Program Files (x86)\Windows Kits\8.1\Windows Performance Toolkit\;C:\Program Files\Intel\WiFi\bin\;C:\Program Files\Common Files\Intel\WirelessCommon\;C:\Users\jacks\AppData\Local\Microsoft\WindowsApps;C:\Users\jacks\AppData\Local\GitHubDesktop\bin;%USERPROFILE%\AppData\Local\Microsoft\WindowsApps;
USERNAME=jacks
OS=Windows_NT
PROCESSOR_IDENTIFIER=Intel64 Family 6 Model 142 Stepping 10, GenuineIntel



---------------  S Y S T E M  ---------------

OS: Windows 10.0 , 64 bit Build 18362 (10.0.18362.329)

CPU:total 8 (initial active 8) (4 cores per cpu, 2 threads per core) family 6 model 142 stepping 10, cmov, cx8, fxsr, mmx, sse, sse2, sse3, ssse3, sse4.1, sse4.2, popcnt, avx, avx2, aes, clmul, erms, 3dnowpref, lzcnt, ht, tsc, tscinvbit, bmi1, bmi2, adx

Memory: 4k page, physical 8238332k(1521264k free), swap 11688068k(2138152k free)

vm_info: OpenJDK 64-Bit Server VM (25.202-b03) for windows-amd64 JRE (1.8.0_202-release-1483-b03), built by "builder" with MS VC++ 10.0 (VS2010)

time: Wed Nov 06 21:19:50 2019
timezone: ora solare Europa occidentale
elapsed time: 8 seconds (0d 0h 0m 8s)

